-------------------------------------------------------------------------------
Test set: com.example.petclinic.NotesRepositoryTests
-------------------------------------------------------------------------------
Tests run: 1, Failures: 0, Errors: 1, Skipped: 0, Time elapsed: 13.075 s <<< FAILURE! - in com.example.petclinic.NotesRepositoryTests
notesRepo_savesToCassandra(com.example.petclinic.NotesRepositoryTests)  Time elapsed: 0.003 s  <<< ERROR!
java.lang.IllegalStateException: Failed to load ApplicationContext
Caused by: org.springframework.beans.factory.UnsatisfiedDependencyException: Error creating bean with name 'notesController' defined in file [/Users/m_688776/Projects/Petclinic-Visit-Cassandra-Starter/petclinic-visit/target/classes/com/example/petclinic/controller/NotesController.class]: Unsatisfied dependency expressed through constructor parameter 0; nested exception is org.springframework.beans.factory.UnsatisfiedDependencyException: Error creating bean with name 'notesService' defined in file [/Users/m_688776/Projects/Petclinic-Visit-Cassandra-Starter/petclinic-visit/target/classes/com/example/petclinic/service/NotesService.class]: Unsatisfied dependency expressed through constructor parameter 0; nested exception is org.springframework.beans.factory.BeanCreationException: Error creating bean with name 'notesRepository': Cannot resolve reference to bean 'cassandraTemplate' while setting bean property 'cassandraTemplate'; nested exception is org.springframework.beans.factory.BeanCreationException: Error creating bean with name 'cassandraTemplate' defined in class path resource [com/example/petclinic/config/CassandraConfig.class]: Bean instantiation via factory method failed; nested exception is org.springframework.beans.BeanInstantiationException: Failed to instantiate [org.springframework.data.cassandra.core.CassandraAdminTemplate]: Factory method 'cassandraTemplate' threw exception; nested exception is org.springframework.beans.factory.BeanCreationException: Error creating bean with name 'sessionFactory' defined in class path resource [com/example/petclinic/config/CassandraConfig.class]: Bean instantiation via factory method failed; nested exception is org.springframework.beans.BeanInstantiationException: Failed to instantiate [org.springframework.data.cassandra.SessionFactory]: Factory method 'sessionFactory' threw exception; nested exception is org.springframework.beans.factory.BeanCreationException: Error creating bean with name 'session' defined in class path resource [com/example/petclinic/config/CassandraConfig.class]: Bean instantiation via factory method failed; nested exception is org.springframework.beans.BeanInstantiationException: Failed to instantiate [org.springframework.data.cassandra.config.CassandraSessionFactoryBean]: Factory method 'session' threw exception; nested exception is org.springframework.beans.factory.BeanCreationException: Error creating bean with name 'cassandraConverter' defined in class path resource [com/example/petclinic/config/CassandraConfig.class]: Bean instantiation via factory method failed; nested exception is org.springframework.beans.BeanInstantiationException: Failed to instantiate [org.springframework.data.cassandra.core.convert.CassandraConverter]: Factory method 'cassandraConverter' threw exception; nested exception is org.springframework.beans.factory.BeanCreationException: Error creating bean with name 'cassandraMapping' defined in class path resource [com/example/petclinic/config/CassandraConfig.class]: Invocation of init method failed; nested exception is java.lang.IllegalArgumentException: given string [notes-test] is not a valid quoted or unquoted identifier
Caused by: org.springframework.beans.factory.UnsatisfiedDependencyException: Error creating bean with name 'notesService' defined in file [/Users/m_688776/Projects/Petclinic-Visit-Cassandra-Starter/petclinic-visit/target/classes/com/example/petclinic/service/NotesService.class]: Unsatisfied dependency expressed through constructor parameter 0; nested exception is org.springframework.beans.factory.BeanCreationException: Error creating bean with name 'notesRepository': Cannot resolve reference to bean 'cassandraTemplate' while setting bean property 'cassandraTemplate'; nested exception is org.springframework.beans.factory.BeanCreationException: Error creating bean with name 'cassandraTemplate' defined in class path resource [com/example/petclinic/config/CassandraConfig.class]: Bean instantiation via factory method failed; nested exception is org.springframework.beans.BeanInstantiationException: Failed to instantiate [org.springframework.data.cassandra.core.CassandraAdminTemplate]: Factory method 'cassandraTemplate' threw exception; nested exception is org.springframework.beans.factory.BeanCreationException: Error creating bean with name 'sessionFactory' defined in class path resource [com/example/petclinic/config/CassandraConfig.class]: Bean instantiation via factory method failed; nested exception is org.springframework.beans.BeanInstantiationException: Failed to instantiate [org.springframework.data.cassandra.SessionFactory]: Factory method 'sessionFactory' threw exception; nested exception is org.springframework.beans.factory.BeanCreationException: Error creating bean with name 'session' defined in class path resource [com/example/petclinic/config/CassandraConfig.class]: Bean instantiation via factory method failed; nested exception is org.springframework.beans.BeanInstantiationException: Failed to instantiate [org.springframework.data.cassandra.config.CassandraSessionFactoryBean]: Factory method 'session' threw exception; nested exception is org.springframework.beans.factory.BeanCreationException: Error creating bean with name 'cassandraConverter' defined in class path resource [com/example/petclinic/config/CassandraConfig.class]: Bean instantiation via factory method failed; nested exception is org.springframework.beans.BeanInstantiationException: Failed to instantiate [org.springframework.data.cassandra.core.convert.CassandraConverter]: Factory method 'cassandraConverter' threw exception; nested exception is org.springframework.beans.factory.BeanCreationException: Error creating bean with name 'cassandraMapping' defined in class path resource [com/example/petclinic/config/CassandraConfig.class]: Invocation of init method failed; nested exception is java.lang.IllegalArgumentException: given string [notes-test] is not a valid quoted or unquoted identifier
Caused by: org.springframework.beans.factory.BeanCreationException: Error creating bean with name 'notesRepository': Cannot resolve reference to bean 'cassandraTemplate' while setting bean property 'cassandraTemplate'; nested exception is org.springframework.beans.factory.BeanCreationException: Error creating bean with name 'cassandraTemplate' defined in class path resource [com/example/petclinic/config/CassandraConfig.class]: Bean instantiation via factory method failed; nested exception is org.springframework.beans.BeanInstantiationException: Failed to instantiate [org.springframework.data.cassandra.core.CassandraAdminTemplate]: Factory method 'cassandraTemplate' threw exception; nested exception is org.springframework.beans.factory.BeanCreationException: Error creating bean with name 'sessionFactory' defined in class path resource [com/example/petclinic/config/CassandraConfig.class]: Bean instantiation via factory method failed; nested exception is org.springframework.beans.BeanInstantiationException: Failed to instantiate [org.springframework.data.cassandra.SessionFactory]: Factory method 'sessionFactory' threw exception; nested exception is org.springframework.beans.factory.BeanCreationException: Error creating bean with name 'session' defined in class path resource [com/example/petclinic/config/CassandraConfig.class]: Bean instantiation via factory method failed; nested exception is org.springframework.beans.BeanInstantiationException: Failed to instantiate [org.springframework.data.cassandra.config.CassandraSessionFactoryBean]: Factory method 'session' threw exception; nested exception is org.springframework.beans.factory.BeanCreationException: Error creating bean with name 'cassandraConverter' defined in class path resource [com/example/petclinic/config/CassandraConfig.class]: Bean instantiation via factory method failed; nested exception is org.springframework.beans.BeanInstantiationException: Failed to instantiate [org.springframework.data.cassandra.core.convert.CassandraConverter]: Factory method 'cassandraConverter' threw exception; nested exception is org.springframework.beans.factory.BeanCreationException: Error creating bean with name 'cassandraMapping' defined in class path resource [com/example/petclinic/config/CassandraConfig.class]: Invocation of init method failed; nested exception is java.lang.IllegalArgumentException: given string [notes-test] is not a valid quoted or unquoted identifier
Caused by: org.springframework.beans.factory.BeanCreationException: Error creating bean with name 'cassandraTemplate' defined in class path resource [com/example/petclinic/config/CassandraConfig.class]: Bean instantiation via factory method failed; nested exception is org.springframework.beans.BeanInstantiationException: Failed to instantiate [org.springframework.data.cassandra.core.CassandraAdminTemplate]: Factory method 'cassandraTemplate' threw exception; nested exception is org.springframework.beans.factory.BeanCreationException: Error creating bean with name 'sessionFactory' defined in class path resource [com/example/petclinic/config/CassandraConfig.class]: Bean instantiation via factory method failed; nested exception is org.springframework.beans.BeanInstantiationException: Failed to instantiate [org.springframework.data.cassandra.SessionFactory]: Factory method 'sessionFactory' threw exception; nested exception is org.springframework.beans.factory.BeanCreationException: Error creating bean with name 'session' defined in class path resource [com/example/petclinic/config/CassandraConfig.class]: Bean instantiation via factory method failed; nested exception is org.springframework.beans.BeanInstantiationException: Failed to instantiate [org.springframework.data.cassandra.config.CassandraSessionFactoryBean]: Factory method 'session' threw exception; nested exception is org.springframework.beans.factory.BeanCreationException: Error creating bean with name 'cassandraConverter' defined in class path resource [com/example/petclinic/config/CassandraConfig.class]: Bean instantiation via factory method failed; nested exception is org.springframework.beans.BeanInstantiationException: Failed to instantiate [org.springframework.data.cassandra.core.convert.CassandraConverter]: Factory method 'cassandraConverter' threw exception; nested exception is org.springframework.beans.factory.BeanCreationException: Error creating bean with name 'cassandraMapping' defined in class path resource [com/example/petclinic/config/CassandraConfig.class]: Invocation of init method failed; nested exception is java.lang.IllegalArgumentException: given string [notes-test] is not a valid quoted or unquoted identifier
Caused by: org.springframework.beans.BeanInstantiationException: Failed to instantiate [org.springframework.data.cassandra.core.CassandraAdminTemplate]: Factory method 'cassandraTemplate' threw exception; nested exception is org.springframework.beans.factory.BeanCreationException: Error creating bean with name 'sessionFactory' defined in class path resource [com/example/petclinic/config/CassandraConfig.class]: Bean instantiation via factory method failed; nested exception is org.springframework.beans.BeanInstantiationException: Failed to instantiate [org.springframework.data.cassandra.SessionFactory]: Factory method 'sessionFactory' threw exception; nested exception is org.springframework.beans.factory.BeanCreationException: Error creating bean with name 'session' defined in class path resource [com/example/petclinic/config/CassandraConfig.class]: Bean instantiation via factory method failed; nested exception is org.springframework.beans.BeanInstantiationException: Failed to instantiate [org.springframework.data.cassandra.config.CassandraSessionFactoryBean]: Factory method 'session' threw exception; nested exception is org.springframework.beans.factory.BeanCreationException: Error creating bean with name 'cassandraConverter' defined in class path resource [com/example/petclinic/config/CassandraConfig.class]: Bean instantiation via factory method failed; nested exception is org.springframework.beans.BeanInstantiationException: Failed to instantiate [org.springframework.data.cassandra.core.convert.CassandraConverter]: Factory method 'cassandraConverter' threw exception; nested exception is org.springframework.beans.factory.BeanCreationException: Error creating bean with name 'cassandraMapping' defined in class path resource [com/example/petclinic/config/CassandraConfig.class]: Invocation of init method failed; nested exception is java.lang.IllegalArgumentException: given string [notes-test] is not a valid quoted or unquoted identifier
Caused by: org.springframework.beans.factory.BeanCreationException: Error creating bean with name 'sessionFactory' defined in class path resource [com/example/petclinic/config/CassandraConfig.class]: Bean instantiation via factory method failed; nested exception is org.springframework.beans.BeanInstantiationException: Failed to instantiate [org.springframework.data.cassandra.SessionFactory]: Factory method 'sessionFactory' threw exception; nested exception is org.springframework.beans.factory.BeanCreationException: Error creating bean with name 'session' defined in class path resource [com/example/petclinic/config/CassandraConfig.class]: Bean instantiation via factory method failed; nested exception is org.springframework.beans.BeanInstantiationException: Failed to instantiate [org.springframework.data.cassandra.config.CassandraSessionFactoryBean]: Factory method 'session' threw exception; nested exception is org.springframework.beans.factory.BeanCreationException: Error creating bean with name 'cassandraConverter' defined in class path resource [com/example/petclinic/config/CassandraConfig.class]: Bean instantiation via factory method failed; nested exception is org.springframework.beans.BeanInstantiationException: Failed to instantiate [org.springframework.data.cassandra.core.convert.CassandraConverter]: Factory method 'cassandraConverter' threw exception; nested exception is org.springframework.beans.factory.BeanCreationException: Error creating bean with name 'cassandraMapping' defined in class path resource [com/example/petclinic/config/CassandraConfig.class]: Invocation of init method failed; nested exception is java.lang.IllegalArgumentException: given string [notes-test] is not a valid quoted or unquoted identifier
Caused by: org.springframework.beans.BeanInstantiationException: Failed to instantiate [org.springframework.data.cassandra.SessionFactory]: Factory method 'sessionFactory' threw exception; nested exception is org.springframework.beans.factory.BeanCreationException: Error creating bean with name 'session' defined in class path resource [com/example/petclinic/config/CassandraConfig.class]: Bean instantiation via factory method failed; nested exception is org.springframework.beans.BeanInstantiationException: Failed to instantiate [org.springframework.data.cassandra.config.CassandraSessionFactoryBean]: Factory method 'session' threw exception; nested exception is org.springframework.beans.factory.BeanCreationException: Error creating bean with name 'cassandraConverter' defined in class path resource [com/example/petclinic/config/CassandraConfig.class]: Bean instantiation via factory method failed; nested exception is org.springframework.beans.BeanInstantiationException: Failed to instantiate [org.springframework.data.cassandra.core.convert.CassandraConverter]: Factory method 'cassandraConverter' threw exception; nested exception is org.springframework.beans.factory.BeanCreationException: Error creating bean with name 'cassandraMapping' defined in class path resource [com/example/petclinic/config/CassandraConfig.class]: Invocation of init method failed; nested exception is java.lang.IllegalArgumentException: given string [notes-test] is not a valid quoted or unquoted identifier
Caused by: org.springframework.beans.factory.BeanCreationException: Error creating bean with name 'session' defined in class path resource [com/example/petclinic/config/CassandraConfig.class]: Bean instantiation via factory method failed; nested exception is org.springframework.beans.BeanInstantiationException: Failed to instantiate [org.springframework.data.cassandra.config.CassandraSessionFactoryBean]: Factory method 'session' threw exception; nested exception is org.springframework.beans.factory.BeanCreationException: Error creating bean with name 'cassandraConverter' defined in class path resource [com/example/petclinic/config/CassandraConfig.class]: Bean instantiation via factory method failed; nested exception is org.springframework.beans.BeanInstantiationException: Failed to instantiate [org.springframework.data.cassandra.core.convert.CassandraConverter]: Factory method 'cassandraConverter' threw exception; nested exception is org.springframework.beans.factory.BeanCreationException: Error creating bean with name 'cassandraMapping' defined in class path resource [com/example/petclinic/config/CassandraConfig.class]: Invocation of init method failed; nested exception is java.lang.IllegalArgumentException: given string [notes-test] is not a valid quoted or unquoted identifier
Caused by: org.springframework.beans.BeanInstantiationException: Failed to instantiate [org.springframework.data.cassandra.config.CassandraSessionFactoryBean]: Factory method 'session' threw exception; nested exception is org.springframework.beans.factory.BeanCreationException: Error creating bean with name 'cassandraConverter' defined in class path resource [com/example/petclinic/config/CassandraConfig.class]: Bean instantiation via factory method failed; nested exception is org.springframework.beans.BeanInstantiationException: Failed to instantiate [org.springframework.data.cassandra.core.convert.CassandraConverter]: Factory method 'cassandraConverter' threw exception; nested exception is org.springframework.beans.factory.BeanCreationException: Error creating bean with name 'cassandraMapping' defined in class path resource [com/example/petclinic/config/CassandraConfig.class]: Invocation of init method failed; nested exception is java.lang.IllegalArgumentException: given string [notes-test] is not a valid quoted or unquoted identifier
Caused by: org.springframework.beans.factory.BeanCreationException: Error creating bean with name 'cassandraConverter' defined in class path resource [com/example/petclinic/config/CassandraConfig.class]: Bean instantiation via factory method failed; nested exception is org.springframework.beans.BeanInstantiationException: Failed to instantiate [org.springframework.data.cassandra.core.convert.CassandraConverter]: Factory method 'cassandraConverter' threw exception; nested exception is org.springframework.beans.factory.BeanCreationException: Error creating bean with name 'cassandraMapping' defined in class path resource [com/example/petclinic/config/CassandraConfig.class]: Invocation of init method failed; nested exception is java.lang.IllegalArgumentException: given string [notes-test] is not a valid quoted or unquoted identifier
Caused by: org.springframework.beans.BeanInstantiationException: Failed to instantiate [org.springframework.data.cassandra.core.convert.CassandraConverter]: Factory method 'cassandraConverter' threw exception; nested exception is org.springframework.beans.factory.BeanCreationException: Error creating bean with name 'cassandraMapping' defined in class path resource [com/example/petclinic/config/CassandraConfig.class]: Invocation of init method failed; nested exception is java.lang.IllegalArgumentException: given string [notes-test] is not a valid quoted or unquoted identifier
Caused by: org.springframework.beans.factory.BeanCreationException: Error creating bean with name 'cassandraMapping' defined in class path resource [com/example/petclinic/config/CassandraConfig.class]: Invocation of init method failed; nested exception is java.lang.IllegalArgumentException: given string [notes-test] is not a valid quoted or unquoted identifier
Caused by: java.lang.IllegalArgumentException: given string [notes-test] is not a valid quoted or unquoted identifier

