<?xml version="1.0" encoding="UTF-8"?>
<testsuite xmlns:xsi="http://www.w3.org/2001/XMLSchema-instance" xsi:noNamespaceSchemaLocation="https://maven.apache.org/surefire/maven-surefire-plugin/xsd/surefire-test-report.xsd" name="com.example.petclinic.NotesRepositoryTests" time="13.075" tests="1" errors="1" skipped="0" failures="0">
  <properties>
[...]
</properties>
  <testcase name="notesRepo_savesToCassandra" classname="com.example.petclinic.NotesRepositoryTests" time="0.003">
    <error message="Failed to load ApplicationContext" type="java.lang.IllegalStateException">java.lang.IllegalStateException: Failed to load ApplicationContext
Caused by: org.springframework.beans.factory.UnsatisfiedDependencyException: Error creating bean with name 'notesController' defined in file [/Users/m_688776/Projects/Petclinic-Visit-Cassandra-Starter/petclinic-visit/target/classes/com/example/petclinic/controller/NotesController.class]: Unsatisfied dependency expressed through constructor parameter 0; nested exception is org.springframework.beans.factory.UnsatisfiedDependencyException: Error creating bean with name 'notesService' defined in file [/Users/m_688776/Projects/Petclinic-Visit-Cassandra-Starter/petclinic-visit/target/classes/com/example/petclinic/service/NotesService.class]: Unsatisfied dependency expressed through constructor parameter 0; nested exception is org.springframework.beans.factory.BeanCreationException: Error creating bean with name 'notesRepository': Cannot resolve reference to bean 'cassandraTemplate' while setting bean property 'cassandraTemplate'; nested exception is org.springframework.beans.factory.BeanCreationException: Error creating bean with name 'cassandraTemplate' defined in class path resource [com/example/petclinic/config/CassandraConfig.class]: Bean instantiation via factory method failed; nested exception is org.springframework.beans.BeanInstantiationException: Failed to instantiate [org.springframework.data.cassandra.core.CassandraAdminTemplate]: Factory method 'cassandraTemplate' threw exception; nested exception is org.springframework.beans.factory.BeanCreationException: Error creating bean with name 'sessionFactory' defined in class path resource [com/example/petclinic/config/CassandraConfig.class]: Bean instantiation via factory method failed; nested exception is org.springframework.beans.BeanInstantiationException: Failed to instantiate [org.springframework.data.cassandra.SessionFactory]: Factory method 'sessionFactory' threw exception; nested exception is org.springframework.beans.factory.BeanCreationException: Error creating bean with name 'session' defined in class path resource [com/example/petclinic/config/CassandraConfig.class]: Bean instantiation via factory method failed; nested exception is org.springframework.beans.BeanInstantiationException: Failed to instantiate [org.springframework.data.cassandra.config.CassandraSessionFactoryBean]: Factory method 'session' threw exception; nested exception is org.springframework.beans.factory.BeanCreationException: Error creating bean with name 'cassandraConverter' defined in class path resource [com/example/petclinic/config/CassandraConfig.class]: Bean instantiation via factory method failed; nested exception is org.springframework.beans.BeanInstantiationException: Failed to instantiate [org.springframework.data.cassandra.core.convert.CassandraConverter]: Factory method 'cassandraConverter' threw exception; nested exception is org.springframework.beans.factory.BeanCreationException: Error creating bean with name 'cassandraMapping' defined in class path resource [com/example/petclinic/config/CassandraConfig.class]: Invocation of init method failed; nested exception is java.lang.IllegalArgumentException: given string [notes-test] is not a valid quoted or unquoted identifier
Caused by: org.springframework.beans.factory.UnsatisfiedDependencyException: Error creating bean with name 'notesService' defined in file [/Users/m_688776/Projects/Petclinic-Visit-Cassandra-Starter/petclinic-visit/target/classes/com/example/petclinic/service/NotesService.class]: Unsatisfied dependency expressed through constructor parameter 0; nested exception is org.springframework.beans.factory.BeanCreationException: Error creating bean with name 'notesRepository': Cannot resolve reference to bean 'cassandraTemplate' while setting bean property 'cassandraTemplate'; nested exception is org.springframework.beans.factory.BeanCreationException: Error creating bean with name 'cassandraTemplate' defined in class path resource [com/example/petclinic/config/CassandraConfig.class]: Bean instantiation via factory method failed; nested exception is org.springframework.beans.BeanInstantiationException: Failed to instantiate [org.springframework.data.cassandra.core.CassandraAdminTemplate]: Factory method 'cassandraTemplate' threw exception; nested exception is org.springframework.beans.factory.BeanCreationException: Error creating bean with name 'sessionFactory' defined in class path resource [com/example/petclinic/config/CassandraConfig.class]: Bean instantiation via factory method failed; nested exception is org.springframework.beans.BeanInstantiationException: Failed to instantiate [org.springframework.data.cassandra.SessionFactory]: Factory method 'sessionFactory' threw exception; nested exception is org.springframework.beans.factory.BeanCreationException: Error creating bean with name 'session' defined in class path resource [com/example/petclinic/config/CassandraConfig.class]: Bean instantiation via factory method failed; nested exception is org.springframework.beans.BeanInstantiationException: Failed to instantiate [org.springframework.data.cassandra.config.CassandraSessionFactoryBean]: Factory method 'session' threw exception; nested exception is org.springframework.beans.factory.BeanCreationException: Error creating bean with name 'cassandraConverter' defined in class path resource [com/example/petclinic/config/CassandraConfig.class]: Bean instantiation via factory method failed; nested exception is org.springframework.beans.BeanInstantiationException: Failed to instantiate [org.springframework.data.cassandra.core.convert.CassandraConverter]: Factory method 'cassandraConverter' threw exception; nested exception is org.springframework.beans.factory.BeanCreationException: Error creating bean with name 'cassandraMapping' defined in class path resource [com/example/petclinic/config/CassandraConfig.class]: Invocation of init method failed; nested exception is java.lang.IllegalArgumentException: given string [notes-test] is not a valid quoted or unquoted identifier
Caused by: org.springframework.beans.factory.BeanCreationException: Error creating bean with name 'notesRepository': Cannot resolve reference to bean 'cassandraTemplate' while setting bean property 'cassandraTemplate'; nested exception is org.springframework.beans.factory.BeanCreationException: Error creating bean with name 'cassandraTemplate' defined in class path resource [com/example/petclinic/config/CassandraConfig.class]: Bean instantiation via factory method failed; nested exception is org.springframework.beans.BeanInstantiationException: Failed to instantiate [org.springframework.data.cassandra.core.CassandraAdminTemplate]: Factory method 'cassandraTemplate' threw exception; nested exception is org.springframework.beans.factory.BeanCreationException: Error creating bean with name 'sessionFactory' defined in class path resource [com/example/petclinic/config/CassandraConfig.class]: Bean instantiation via factory method failed; nested exception is org.springframework.beans.BeanInstantiationException: Failed to instantiate [org.springframework.data.cassandra.SessionFactory]: Factory method 'sessionFactory' threw exception; nested exception is org.springframework.beans.factory.BeanCreationException: Error creating bean with name 'session' defined in class path resource [com/example/petclinic/config/CassandraConfig.class]: Bean instantiation via factory method failed; nested exception is org.springframework.beans.BeanInstantiationException: Failed to instantiate [org.springframework.data.cassandra.config.CassandraSessionFactoryBean]: Factory method 'session' threw exception; nested exception is org.springframework.beans.factory.BeanCreationException: Error creating bean with name 'cassandraConverter' defined in class path resource [com/example/petclinic/config/CassandraConfig.class]: Bean instantiation via factory method failed; nested exception is org.springframework.beans.BeanInstantiationException: Failed to instantiate [org.springframework.data.cassandra.core.convert.CassandraConverter]: Factory method 'cassandraConverter' threw exception; nested exception is org.springframework.beans.factory.BeanCreationException: Error creating bean with name 'cassandraMapping' defined in class path resource [com/example/petclinic/config/CassandraConfig.class]: Invocation of init method failed; nested exception is java.lang.IllegalArgumentException: given string [notes-test] is not a valid quoted or unquoted identifier
Caused by: org.springframework.beans.factory.BeanCreationException: Error creating bean with name 'cassandraTemplate' defined in class path resource [com/example/petclinic/config/CassandraConfig.class]: Bean instantiation via factory method failed; nested exception is org.springframework.beans.BeanInstantiationException: Failed to instantiate [org.springframework.data.cassandra.core.CassandraAdminTemplate]: Factory method 'cassandraTemplate' threw exception; nested exception is org.springframework.beans.factory.BeanCreationException: Error creating bean with name 'sessionFactory' defined in class path resource [com/example/petclinic/config/CassandraConfig.class]: Bean instantiation via factory method failed; nested exception is org.springframework.beans.BeanInstantiationException: Failed to instantiate [org.springframework.data.cassandra.SessionFactory]: Factory method 'sessionFactory' threw exception; nested exception is org.springframework.beans.factory.BeanCreationException: Error creating bean with name 'session' defined in class path resource [com/example/petclinic/config/CassandraConfig.class]: Bean instantiation via factory method failed; nested exception is org.springframework.beans.BeanInstantiationException: Failed to instantiate [org.springframework.data.cassandra.config.CassandraSessionFactoryBean]: Factory method 'session' threw exception; nested exception is org.springframework.beans.factory.BeanCreationException: Error creating bean with name 'cassandraConverter' defined in class path resource [com/example/petclinic/config/CassandraConfig.class]: Bean instantiation via factory method failed; nested exception is org.springframework.beans.BeanInstantiationException: Failed to instantiate [org.springframework.data.cassandra.core.convert.CassandraConverter]: Factory method 'cassandraConverter' threw exception; nested exception is org.springframework.beans.factory.BeanCreationException: Error creating bean with name 'cassandraMapping' defined in class path resource [com/example/petclinic/config/CassandraConfig.class]: Invocation of init method failed; nested exception is java.lang.IllegalArgumentException: given string [notes-test] is not a valid quoted or unquoted identifier
Caused by: org.springframework.beans.BeanInstantiationException: Failed to instantiate [org.springframework.data.cassandra.core.CassandraAdminTemplate]: Factory method 'cassandraTemplate' threw exception; nested exception is org.springframework.beans.factory.BeanCreationException: Error creating bean with name 'sessionFactory' defined in class path resource [com/example/petclinic/config/CassandraConfig.class]: Bean instantiation via factory method failed; nested exception is org.springframework.beans.BeanInstantiationException: Failed to instantiate [org.springframework.data.cassandra.SessionFactory]: Factory method 'sessionFactory' threw exception; nested exception is org.springframework.beans.factory.BeanCreationException: Error creating bean with name 'session' defined in class path resource [com/example/petclinic/config/CassandraConfig.class]: Bean instantiation via factory method failed; nested exception is org.springframework.beans.BeanInstantiationException: Failed to instantiate [org.springframework.data.cassandra.config.CassandraSessionFactoryBean]: Factory method 'session' threw exception; nested exception is org.springframework.beans.factory.BeanCreationException: Error creating bean with name 'cassandraConverter' defined in class path resource [com/example/petclinic/config/CassandraConfig.class]: Bean instantiation via factory method failed; nested exception is org.springframework.beans.BeanInstantiationException: Failed to instantiate [org.springframework.data.cassandra.core.convert.CassandraConverter]: Factory method 'cassandraConverter' threw exception; nested exception is org.springframework.beans.factory.BeanCreationException: Error creating bean with name 'cassandraMapping' defined in class path resource [com/example/petclinic/config/CassandraConfig.class]: Invocation of init method failed; nested exception is java.lang.IllegalArgumentException: given string [notes-test] is not a valid quoted or unquoted identifier
Caused by: org.springframework.beans.factory.BeanCreationException: Error creating bean with name 'sessionFactory' defined in class path resource [com/example/petclinic/config/CassandraConfig.class]: Bean instantiation via factory method failed; nested exception is org.springframework.beans.BeanInstantiationException: Failed to instantiate [org.springframework.data.cassandra.SessionFactory]: Factory method 'sessionFactory' threw exception; nested exception is org.springframework.beans.factory.BeanCreationException: Error creating bean with name 'session' defined in class path resource [com/example/petclinic/config/CassandraConfig.class]: Bean instantiation via factory method failed; nested exception is org.springframework.beans.BeanInstantiationException: Failed to instantiate [org.springframework.data.cassandra.config.CassandraSessionFactoryBean]: Factory method 'session' threw exception; nested exception is org.springframework.beans.factory.BeanCreationException: Error creating bean with name 'cassandraConverter' defined in class path resource [com/example/petclinic/config/CassandraConfig.class]: Bean instantiation via factory method failed; nested exception is org.springframework.beans.BeanInstantiationException: Failed to instantiate [org.springframework.data.cassandra.core.convert.CassandraConverter]: Factory method 'cassandraConverter' threw exception; nested exception is org.springframework.beans.factory.BeanCreationException: Error creating bean with name 'cassandraMapping' defined in class path resource [com/example/petclinic/config/CassandraConfig.class]: Invocation of init method failed; nested exception is java.lang.IllegalArgumentException: given string [notes-test] is not a valid quoted or unquoted identifier
Caused by: org.springframework.beans.BeanInstantiationException: Failed to instantiate [org.springframework.data.cassandra.SessionFactory]: Factory method 'sessionFactory' threw exception; nested exception is org.springframework.beans.factory.BeanCreationException: Error creating bean with name 'session' defined in class path resource [com/example/petclinic/config/CassandraConfig.class]: Bean instantiation via factory method failed; nested exception is org.springframework.beans.BeanInstantiationException: Failed to instantiate [org.springframework.data.cassandra.config.CassandraSessionFactoryBean]: Factory method 'session' threw exception; nested exception is org.springframework.beans.factory.BeanCreationException: Error creating bean with name 'cassandraConverter' defined in class path resource [com/example/petclinic/config/CassandraConfig.class]: Bean instantiation via factory method failed; nested exception is org.springframework.beans.BeanInstantiationException: Failed to instantiate [org.springframework.data.cassandra.core.convert.CassandraConverter]: Factory method 'cassandraConverter' threw exception; nested exception is org.springframework.beans.factory.BeanCreationException: Error creating bean with name 'cassandraMapping' defined in class path resource [com/example/petclinic/config/CassandraConfig.class]: Invocation of init method failed; nested exception is java.lang.IllegalArgumentException: given string [notes-test] is not a valid quoted or unquoted identifier
Caused by: org.springframework.beans.factory.BeanCreationException: Error creating bean with name 'session' defined in class path resource [com/example/petclinic/config/CassandraConfig.class]: Bean instantiation via factory method failed; nested exception is org.springframework.beans.BeanInstantiationException: Failed to instantiate [org.springframework.data.cassandra.config.CassandraSessionFactoryBean]: Factory method 'session' threw exception; nested exception is org.springframework.beans.factory.BeanCreationException: Error creating bean with name 'cassandraConverter' defined in class path resource [com/example/petclinic/config/CassandraConfig.class]: Bean instantiation via factory method failed; nested exception is org.springframework.beans.BeanInstantiationException: Failed to instantiate [org.springframework.data.cassandra.core.convert.CassandraConverter]: Factory method 'cassandraConverter' threw exception; nested exception is org.springframework.beans.factory.BeanCreationException: Error creating bean with name 'cassandraMapping' defined in class path resource [com/example/petclinic/config/CassandraConfig.class]: Invocation of init method failed; nested exception is java.lang.IllegalArgumentException: given string [notes-test] is not a valid quoted or unquoted identifier
Caused by: org.springframework.beans.BeanInstantiationException: Failed to instantiate [org.springframework.data.cassandra.config.CassandraSessionFactoryBean]: Factory method 'session' threw exception; nested exception is org.springframework.beans.factory.BeanCreationException: Error creating bean with name 'cassandraConverter' defined in class path resource [com/example/petclinic/config/CassandraConfig.class]: Bean instantiation via factory method failed; nested exception is org.springframework.beans.BeanInstantiationException: Failed to instantiate [org.springframework.data.cassandra.core.convert.CassandraConverter]: Factory method 'cassandraConverter' threw exception; nested exception is org.springframework.beans.factory.BeanCreationException: Error creating bean with name 'cassandraMapping' defined in class path resource [com/example/petclinic/config/CassandraConfig.class]: Invocation of init method failed; nested exception is java.lang.IllegalArgumentException: given string [notes-test] is not a valid quoted or unquoted identifier
Caused by: org.springframework.beans.factory.BeanCreationException: Error creating bean with name 'cassandraConverter' defined in class path resource [com/example/petclinic/config/CassandraConfig.class]: Bean instantiation via factory method failed; nested exception is org.springframework.beans.BeanInstantiationException: Failed to instantiate [org.springframework.data.cassandra.core.convert.CassandraConverter]: Factory method 'cassandraConverter' threw exception; nested exception is org.springframework.beans.factory.BeanCreationException: Error creating bean with name 'cassandraMapping' defined in class path resource [com/example/petclinic/config/CassandraConfig.class]: Invocation of init method failed; nested exception is java.lang.IllegalArgumentException: given string [notes-test] is not a valid quoted or unquoted identifier
Caused by: org.springframework.beans.BeanInstantiationException: Failed to instantiate [org.springframework.data.cassandra.core.convert.CassandraConverter]: Factory method 'cassandraConverter' threw exception; nested exception is org.springframework.beans.factory.BeanCreationException: Error creating bean with name 'cassandraMapping' defined in class path resource [com/example/petclinic/config/CassandraConfig.class]: Invocation of init method failed; nested exception is java.lang.IllegalArgumentException: given string [notes-test] is not a valid quoted or unquoted identifier
Caused by: org.springframework.beans.factory.BeanCreationException: Error creating bean with name 'cassandraMapping' defined in class path resource [com/example/petclinic/config/CassandraConfig.class]: Invocation of init method failed; nested exception is java.lang.IllegalArgumentException: given string [notes-test] is not a valid quoted or unquoted identifier
Caused by: java.lang.IllegalArgumentException: given string [notes-test] is not a valid quoted or unquoted identifier
</error>
    <system-out><![CDATA[19:30:25.650 [main] DEBUG org.springframework.test.context.junit4.SpringJUnit4ClassRunner - SpringJUnit4ClassRunner constructor called with [class com.example.petclinic.NotesRepositoryTests]
19:30:25.662 [main] DEBUG org.springframework.test.context.BootstrapUtils - Instantiating CacheAwareContextLoaderDelegate from class [org.springframework.test.context.cache.DefaultCacheAwareContextLoaderDelegate]
19:30:25.671 [main] DEBUG org.springframework.test.context.BootstrapUtils - Instantiating BootstrapContext using constructor [public org.springframework.test.context.support.DefaultBootstrapContext(java.lang.Class,org.springframework.test.context.CacheAwareContextLoaderDelegate)]
19:30:25.689 [main] DEBUG org.springframework.test.context.BootstrapUtils - Instantiating TestContextBootstrapper for test class [com.example.petclinic.NotesRepositoryTests] from class [org.springframework.boot.test.context.SpringBootTestContextBootstrapper]
19:30:25.702 [main] INFO org.springframework.boot.test.context.SpringBootTestContextBootstrapper - Neither @ContextConfiguration nor @ContextHierarchy found for test class [com.example.petclinic.NotesRepositoryTests], using SpringBootContextLoader
19:30:25.706 [main] DEBUG org.springframework.test.context.support.AbstractContextLoader - Did not detect default resource location for test class [com.example.petclinic.NotesRepositoryTests]: class path resource [com/example/petclinic/NotesRepositoryTests-context.xml] does not exist
19:30:25.707 [main] DEBUG org.springframework.test.context.support.AbstractContextLoader - Did not detect default resource location for test class [com.example.petclinic.NotesRepositoryTests]: class path resource [com/example/petclinic/NotesRepositoryTestsContext.groovy] does not exist
19:30:25.707 [main] INFO org.springframework.test.context.support.AbstractContextLoader - Could not detect default resource locations for test class [com.example.petclinic.NotesRepositoryTests]: no resource found for suffixes {-context.xml, Context.groovy}.
19:30:25.749 [main] DEBUG org.springframework.test.context.support.ActiveProfilesUtils - Could not find an 'annotation declaring class' for annotation type [org.springframework.test.context.ActiveProfiles] and class [com.example.petclinic.NotesRepositoryTests]
19:30:25.853 [main] DEBUG org.springframework.boot.test.context.SpringBootTestContextBootstrapper - @TestExecutionListeners is not present for class [com.example.petclinic.NotesRepositoryTests]: using defaults.
19:30:25.854 [main] INFO org.springframework.boot.test.context.SpringBootTestContextBootstrapper - Loaded default TestExecutionListener class names from location [META-INF/spring.factories]: [org.springframework.boot.test.mock.mockito.MockitoTestExecutionListener, org.springframework.boot.test.mock.mockito.ResetMocksTestExecutionListener, org.springframework.boot.test.autoconfigure.restdocs.RestDocsTestExecutionListener, org.springframework.boot.test.autoconfigure.web.client.MockRestServiceServerResetTestExecutionListener, org.springframework.boot.test.autoconfigure.web.servlet.MockMvcPrintOnlyOnFailureTestExecutionListener, org.springframework.boot.test.autoconfigure.web.servlet.WebDriverTestExecutionListener, org.springframework.test.context.web.ServletTestExecutionListener, org.springframework.test.context.support.DirtiesContextBeforeModesTestExecutionListener, org.springframework.test.context.support.DependencyInjectionTestExecutionListener, org.springframework.test.context.support.DirtiesContextTestExecutionListener, org.springframework.test.context.transaction.TransactionalTestExecutionListener, org.springframework.test.context.jdbc.SqlScriptsTestExecutionListener]
19:30:25.869 [main] INFO org.springframework.boot.test.context.SpringBootTestContextBootstrapper - Using TestExecutionListeners: [org.springframework.test.context.web.ServletTestExecutionListener@34b9f960, org.springframework.test.context.support.DirtiesContextBeforeModesTestExecutionListener@43015c69, org.springframework.boot.test.mock.mockito.MockitoTestExecutionListener@19b89d4, org.springframework.boot.test.autoconfigure.SpringBootDependencyInjectionTestExecutionListener@4bbf6d0e, org.springframework.test.context.support.DirtiesContextTestExecutionListener@30b6ffe0, org.springframework.test.context.transaction.TransactionalTestExecutionListener@791d1f8b, org.springframework.test.context.jdbc.SqlScriptsTestExecutionListener@2415fc55, org.springframework.boot.test.mock.mockito.ResetMocksTestExecutionListener@14f232c4, org.springframework.boot.test.autoconfigure.restdocs.RestDocsTestExecutionListener@13bc8645, org.springframework.boot.test.autoconfigure.web.client.MockRestServiceServerResetTestExecutionListener@24c22fe, org.springframework.boot.test.autoconfigure.web.servlet.MockMvcPrintOnlyOnFailureTestExecutionListener@93081b6, org.springframework.boot.test.autoconfigure.web.servlet.WebDriverTestExecutionListener@cd1e646]
19:30:25.871 [main] DEBUG org.springframework.test.annotation.ProfileValueUtils - Retrieved @ProfileValueSourceConfiguration [null] for test class [com.example.petclinic.NotesRepositoryTests]
19:30:25.871 [main] DEBUG org.springframework.test.annotation.ProfileValueUtils - Retrieved ProfileValueSource type [class org.springframework.test.annotation.SystemProfileValueSource] for class [com.example.petclinic.NotesRepositoryTests]
19:30:25.872 [main] DEBUG org.springframework.test.annotation.ProfileValueUtils - Retrieved @ProfileValueSourceConfiguration [null] for test class [com.example.petclinic.NotesRepositoryTests]
19:30:25.872 [main] DEBUG org.springframework.test.annotation.ProfileValueUtils - Retrieved ProfileValueSource type [class org.springframework.test.annotation.SystemProfileValueSource] for class [com.example.petclinic.NotesRepositoryTests]
19:30:25.872 [main] DEBUG org.springframework.test.annotation.ProfileValueUtils - Retrieved @ProfileValueSourceConfiguration [null] for test class [com.example.petclinic.NotesRepositoryTests]
19:30:25.872 [main] DEBUG org.springframework.test.annotation.ProfileValueUtils - Retrieved ProfileValueSource type [class org.springframework.test.annotation.SystemProfileValueSource] for class [com.example.petclinic.NotesRepositoryTests]
19:30:25.875 [main] DEBUG org.springframework.test.context.support.AbstractDirtiesContextTestExecutionListener - Before test class: context [DefaultTestContext@4e928fbf testClass = NotesRepositoryTests, testInstance = [null], testMethod = [null], testException = [null], mergedContextConfiguration = [WebMergedContextConfiguration@352ff4da testClass = NotesRepositoryTests, locations = '{}', classes = '{class com.example.petclinic.PetClinicVisit, class com.example.petclinic.PetClinicVisit}', contextInitializerClasses = '[]', activeProfiles = '{}', propertySourceLocations = '{}', propertySourceProperties = '{org.springframework.boot.test.context.SpringBootTestContextBootstrapper=true}', contextCustomizers = set[org.springframework.boot.test.context.filter.ExcludeFilterContextCustomizer@61d6015a, org.springframework.boot.test.json.DuplicateJsonObjectContextCustomizerFactory$DuplicateJsonObjectContextCustomizer@152aa092, org.springframework.boot.test.mock.mockito.MockitoContextCustomizer@0, org.springframework.boot.test.web.client.TestRestTemplateContextCustomizer@3972a855, org.springframework.boot.test.autoconfigure.properties.PropertyMappingContextCustomizer@0, org.springframework.boot.test.autoconfigure.web.servlet.WebDriverContextCustomizerFactory$Customizer@378542de], resourceBasePath = 'src/main/webapp', contextLoader = 'org.springframework.boot.test.context.SpringBootContextLoader', parent = [null]], attributes = map['org.springframework.test.context.web.ServletTestExecutionListener.activateListener' -> true]], class annotated with @DirtiesContext [false] with mode [null].
19:30:25.876 [main] DEBUG org.springframework.test.annotation.ProfileValueUtils - Retrieved @ProfileValueSourceConfiguration [null] for test class [com.example.petclinic.NotesRepositoryTests]
19:30:25.876 [main] DEBUG org.springframework.test.annotation.ProfileValueUtils - Retrieved ProfileValueSource type [class org.springframework.test.annotation.SystemProfileValueSource] for class [com.example.petclinic.NotesRepositoryTests]
19:30:25.902 [main] DEBUG org.springframework.test.context.support.TestPropertySourceUtils - Adding inlined properties to environment: {spring.jmx.enabled=false, org.springframework.boot.test.context.SpringBootTestContextBootstrapper=true, server.port=-1}


              |\      _,,,--,,_
             /,`.-'`'   ._  \-;;,_
  _______ __|,4-  ) )_   .;.(__`'-'__     ___ __    _ ___ _______
 |       | '---''(_/._)-'(_\_)   |   |   |   |  |  | |   |       |
 |    _  |    ___|_     _|       |   |   |   |   |_| |   |       | __ _ _
 |   |_| |   |___  |   | |       |   |   |   |       |   |       | \ \ \ \
 |    ___|    ___| |   | |      _|   |___|   |  _    |   |      _|  \ \ \ \
 |   |   |   |___  |   | |     |_|       |   | | |   |   |     |_    ) ) ) )
 |___|   |_______| |___| |_______|_______|___|_|  |__|___|_______|  / / / /
 ==================================================================/_/_/_/
 Visit

:: Built with Spring Boot :: 2.1.6.RELEASE

2020-04-23 19:30:26.180  INFO 2466 --- [           main] c.e.petclinic.NotesRepositoryTests       : Starting NotesRepositoryTests on MACLTUS66713 with PID 2466 (started by m_688776 in /Users/m_688776/Projects/Petclinic-Visit-Cassandra-Starter/petclinic-visit)
2020-04-23 19:30:26.181  INFO 2466 --- [           main] c.e.petclinic.NotesRepositoryTests       : No active profile set, falling back to default profiles: default
2020-04-23 19:30:27.015  INFO 2466 --- [           main] .s.d.r.c.RepositoryConfigurationDelegate : Multiple Spring Data modules found, entering strict repository configuration mode!
2020-04-23 19:30:27.017  INFO 2466 --- [           main] .s.d.r.c.RepositoryConfigurationDelegate : Bootstrapping Spring Data repositories in DEFAULT mode.
2020-04-23 19:30:27.075  INFO 2466 --- [           main] .RepositoryConfigurationExtensionSupport : Spring Data Reactive Cassandra - Could not safely identify store assignment for repository candidate interface com.example.petclinic.repository.VisitRepository.
2020-04-23 19:30:27.075  INFO 2466 --- [           main] .s.d.r.c.RepositoryConfigurationDelegate : Finished Spring Data repository scanning in 42ms. Found 0 repository interfaces.
2020-04-23 19:30:27.079  INFO 2466 --- [           main] .s.d.r.c.RepositoryConfigurationDelegate : Multiple Spring Data modules found, entering strict repository configuration mode!
2020-04-23 19:30:27.080  INFO 2466 --- [           main] .s.d.r.c.RepositoryConfigurationDelegate : Bootstrapping Spring Data repositories in DEFAULT mode.
2020-04-23 19:30:27.085  INFO 2466 --- [           main] .RepositoryConfigurationExtensionSupport : Spring Data Cassandra - Could not safely identify store assignment for repository candidate interface com.example.petclinic.repository.VisitRepository.
2020-04-23 19:30:27.100  INFO 2466 --- [           main] .s.d.r.c.RepositoryConfigurationDelegate : Finished Spring Data repository scanning in 20ms. Found 1 repository interfaces.
2020-04-23 19:30:27.109  INFO 2466 --- [           main] .s.d.r.c.RepositoryConfigurationDelegate : Multiple Spring Data modules found, entering strict repository configuration mode!
2020-04-23 19:30:27.109  INFO 2466 --- [           main] .s.d.r.c.RepositoryConfigurationDelegate : Bootstrapping Spring Data repositories in DEFAULT mode.
2020-04-23 19:30:27.119  INFO 2466 --- [           main] .RepositoryConfigurationExtensionSupport : Spring Data JPA - Could not safely identify store assignment for repository candidate interface com.example.petclinic.repository.NotesRepository.
2020-04-23 19:30:27.124  INFO 2466 --- [           main] .s.d.r.c.RepositoryConfigurationDelegate : Finished Spring Data repository scanning in 11ms. Found 1 repository interfaces.
2020-04-23 19:30:27.590  INFO 2466 --- [           main] trationDelegate$BeanPostProcessorChecker : Bean 'org.springframework.transaction.annotation.ProxyTransactionManagementConfiguration' of type [org.springframework.transaction.annotation.ProxyTransactionManagementConfiguration$$EnhancerBySpringCGLIB$$2a5cb659] is not eligible for getting processed by all BeanPostProcessors (for example: not eligible for auto-proxying)
2020-04-23 19:30:27.784  INFO 2466 --- [           main] com.zaxxer.hikari.HikariDataSource       : HikariPool-1 - Starting...
2020-04-23 19:30:27.997  INFO 2466 --- [           main] com.zaxxer.hikari.HikariDataSource       : HikariPool-1 - Start completed.
2020-04-23 19:30:28.094  INFO 2466 --- [           main] o.hibernate.jpa.internal.util.LogHelper  : HHH000204: Processing PersistenceUnitInfo [
	name: default
	...]
2020-04-23 19:30:28.156  INFO 2466 --- [           main] org.hibernate.Version                    : HHH000412: Hibernate Core {5.3.10.Final}
2020-04-23 19:30:28.157  INFO 2466 --- [           main] org.hibernate.cfg.Environment            : HHH000206: hibernate.properties not found
2020-04-23 19:30:28.295  INFO 2466 --- [           main] o.hibernate.annotations.common.Version   : HCANN000001: Hibernate Commons Annotations {5.0.4.Final}
2020-04-23 19:30:28.426  INFO 2466 --- [           main] org.hibernate.dialect.Dialect            : HHH000400: Using dialect: org.hibernate.dialect.H2Dialect
2020-04-23 19:30:28.699  INFO 2466 --- [           main] j.LocalContainerEntityManagerFactoryBean : Initialized JPA EntityManagerFactory for persistence unit 'default'
2020-04-23 19:30:28.806  INFO 2466 --- [           main] com.datastax.driver.core                 : DataStax Java driver 3.6.0 for Apache Cassandra
2020-04-23 19:30:28.817  INFO 2466 --- [           main] c.d.driver.core.GuavaCompatibility       : Detected Guava >= 19 in the classpath, using modern compatibility layer
2020-04-23 19:30:29.168  INFO 2466 --- [           main] com.datastax.driver.core.ClockFactory    : Using native clock to generate timestamps.
2020-04-23 19:30:29.286  INFO 2466 --- [           main] com.datastax.driver.core.NettyUtil       : Did not find Netty's native epoll transport in the classpath, defaulting to NIO.
2020-04-23 19:30:30.021  INFO 2466 --- [           main] c.d.d.c.p.DCAwareRoundRobinPolicy        : Using data-center name 'datacenter1' for DCAwareRoundRobinPolicy (if this is incorrect, please provide the correct datacenter name with DCAwareRoundRobinPolicy constructor)
2020-04-23 19:30:30.023  INFO 2466 --- [           main] com.datastax.driver.core.Cluster         : New Cassandra host /10.128.0.3:9042 added
2020-04-23 19:30:30.023  INFO 2466 --- [           main] com.datastax.driver.core.Cluster         : New Cassandra host /35.223.78.23:9042 added
2020-04-23 19:30:30.023  INFO 2466 --- [           main] com.datastax.driver.core.Cluster         : New Cassandra host /10.128.0.4:9042 added
2020-04-23 19:30:35.047  WARN 2466 --- [er-nio-worker-3] c.d.driver.core.HostConnectionPool       : Error creating connection to /10.128.0.4:9042

com.datastax.driver.core.exceptions.TransportException: [/10.128.0.4:9042] Cannot connect
	at com.datastax.driver.core.Connection$1.operationComplete(Connection.java:224) ~[cassandra-driver-core-3.6.0.jar:na]
	at com.datastax.driver.core.Connection$1.operationComplete(Connection.java:194) ~[cassandra-driver-core-3.6.0.jar:na]
	at io.netty.util.concurrent.DefaultPromise.notifyListener0(DefaultPromise.java:502) ~[netty-common-4.1.36.Final.jar:4.1.36.Final]
	at io.netty.util.concurrent.DefaultPromise.notifyListeners0(DefaultPromise.java:495) ~[netty-common-4.1.36.Final.jar:4.1.36.Final]
	at io.netty.util.concurrent.DefaultPromise.notifyListenersNow(DefaultPromise.java:474) ~[netty-common-4.1.36.Final.jar:4.1.36.Final]
	at io.netty.util.concurrent.DefaultPromise.notifyListeners(DefaultPromise.java:415) ~[netty-common-4.1.36.Final.jar:4.1.36.Final]
	at io.netty.util.concurrent.DefaultPromise.setValue0(DefaultPromise.java:540) ~[netty-common-4.1.36.Final.jar:4.1.36.Final]
	at io.netty.util.concurrent.DefaultPromise.setFailure0(DefaultPromise.java:533) ~[netty-common-4.1.36.Final.jar:4.1.36.Final]
	at io.netty.util.concurrent.DefaultPromise.tryFailure(DefaultPromise.java:114) ~[netty-common-4.1.36.Final.jar:4.1.36.Final]
	at io.netty.channel.nio.AbstractNioChannel$AbstractNioUnsafe$1.run(AbstractNioChannel.java:269) ~[netty-transport-4.1.36.Final.jar:4.1.36.Final]
	at io.netty.util.concurrent.PromiseTask$RunnableAdapter.call(PromiseTask.java:38) ~[netty-common-4.1.36.Final.jar:4.1.36.Final]
	at io.netty.util.concurrent.ScheduledFutureTask.run(ScheduledFutureTask.java:127) ~[netty-common-4.1.36.Final.jar:4.1.36.Final]
	at io.netty.util.concurrent.AbstractEventExecutor.safeExecute(AbstractEventExecutor.java:163) ~[netty-common-4.1.36.Final.jar:4.1.36.Final]
	at io.netty.util.concurrent.SingleThreadEventExecutor.runAllTasks(SingleThreadEventExecutor.java:405) ~[netty-common-4.1.36.Final.jar:4.1.36.Final]
	at io.netty.channel.nio.NioEventLoop.run(NioEventLoop.java:500) ~[netty-transport-4.1.36.Final.jar:4.1.36.Final]
	at io.netty.util.concurrent.SingleThreadEventExecutor$5.run(SingleThreadEventExecutor.java:906) ~[netty-common-4.1.36.Final.jar:4.1.36.Final]
	at io.netty.util.internal.ThreadExecutorMap$2.run(ThreadExecutorMap.java:74) ~[netty-common-4.1.36.Final.jar:4.1.36.Final]
	at io.netty.util.concurrent.FastThreadLocalRunnable.run(FastThreadLocalRunnable.java:30) ~[netty-common-4.1.36.Final.jar:4.1.36.Final]
	at java.base/java.lang.Thread.run(Thread.java:834) ~[na:na]
Caused by: io.netty.channel.ConnectTimeoutException: connection timed out: /10.128.0.4:9042
	at io.netty.channel.nio.AbstractNioChannel$AbstractNioUnsafe$1.run(AbstractNioChannel.java:267) ~[netty-transport-4.1.36.Final.jar:4.1.36.Final]
	... 9 common frames omitted

2020-04-23 19:30:35.046  WARN 2466 --- [er-nio-worker-1] c.d.driver.core.HostConnectionPool       : Error creating connection to /10.128.0.3:9042

com.datastax.driver.core.exceptions.TransportException: [/10.128.0.3:9042] Cannot connect
	at com.datastax.driver.core.Connection$1.operationComplete(Connection.java:224) ~[cassandra-driver-core-3.6.0.jar:na]
	at com.datastax.driver.core.Connection$1.operationComplete(Connection.java:194) ~[cassandra-driver-core-3.6.0.jar:na]
	at io.netty.util.concurrent.DefaultPromise.notifyListener0(DefaultPromise.java:502) ~[netty-common-4.1.36.Final.jar:4.1.36.Final]
	at io.netty.util.concurrent.DefaultPromise.notifyListeners0(DefaultPromise.java:495) ~[netty-common-4.1.36.Final.jar:4.1.36.Final]
	at io.netty.util.concurrent.DefaultPromise.notifyListenersNow(DefaultPromise.java:474) ~[netty-common-4.1.36.Final.jar:4.1.36.Final]
	at io.netty.util.concurrent.DefaultPromise.notifyListeners(DefaultPromise.java:415) ~[netty-common-4.1.36.Final.jar:4.1.36.Final]
	at io.netty.util.concurrent.DefaultPromise.setValue0(DefaultPromise.java:540) ~[netty-common-4.1.36.Final.jar:4.1.36.Final]
	at io.netty.util.concurrent.DefaultPromise.setFailure0(DefaultPromise.java:533) ~[netty-common-4.1.36.Final.jar:4.1.36.Final]
	at io.netty.util.concurrent.DefaultPromise.tryFailure(DefaultPromise.java:114) ~[netty-common-4.1.36.Final.jar:4.1.36.Final]
	at io.netty.channel.nio.AbstractNioChannel$AbstractNioUnsafe$1.run(AbstractNioChannel.java:269) ~[netty-transport-4.1.36.Final.jar:4.1.36.Final]
	at io.netty.util.concurrent.PromiseTask$RunnableAdapter.call(PromiseTask.java:38) ~[netty-common-4.1.36.Final.jar:4.1.36.Final]
	at io.netty.util.concurrent.ScheduledFutureTask.run(ScheduledFutureTask.java:127) ~[netty-common-4.1.36.Final.jar:4.1.36.Final]
	at io.netty.util.concurrent.AbstractEventExecutor.safeExecute(AbstractEventExecutor.java:163) ~[netty-common-4.1.36.Final.jar:4.1.36.Final]
	at io.netty.util.concurrent.SingleThreadEventExecutor.runAllTasks(SingleThreadEventExecutor.java:405) ~[netty-common-4.1.36.Final.jar:4.1.36.Final]
	at io.netty.channel.nio.NioEventLoop.run(NioEventLoop.java:500) ~[netty-transport-4.1.36.Final.jar:4.1.36.Final]
	at io.netty.util.concurrent.SingleThreadEventExecutor$5.run(SingleThreadEventExecutor.java:906) ~[netty-common-4.1.36.Final.jar:4.1.36.Final]
	at io.netty.util.internal.ThreadExecutorMap$2.run(ThreadExecutorMap.java:74) ~[netty-common-4.1.36.Final.jar:4.1.36.Final]
	at io.netty.util.concurrent.FastThreadLocalRunnable.run(FastThreadLocalRunnable.java:30) ~[netty-common-4.1.36.Final.jar:4.1.36.Final]
	at java.base/java.lang.Thread.run(Thread.java:834) ~[na:na]
Caused by: io.netty.channel.ConnectTimeoutException: connection timed out: /10.128.0.3:9042
	at io.netty.channel.nio.AbstractNioChannel$AbstractNioUnsafe$1.run(AbstractNioChannel.java:267) ~[netty-transport-4.1.36.Final.jar:4.1.36.Final]
	... 9 common frames omitted

2020-04-23 19:30:35.048  WARN 2466 --- [er-nio-worker-3] com.datastax.driver.core.Session         : Error creating pool to /10.128.0.4:9042

com.datastax.driver.core.exceptions.ConnectionException: [/10.128.0.4:9042] Pool was closed during initialization
	at com.datastax.driver.core.HostConnectionPool$2.onSuccess(HostConnectionPool.java:173) ~[cassandra-driver-core-3.6.0.jar:na]
	at com.datastax.driver.core.HostConnectionPool$2.onSuccess(HostConnectionPool.java:158) ~[cassandra-driver-core-3.6.0.jar:na]
	at com.google.common.util.concurrent.Futures$6.run(Futures.java:1773) ~[guava-19.0.jar:na]
	at com.google.common.util.concurrent.MoreExecutors$DirectExecutor.execute(MoreExecutors.java:456) ~[guava-19.0.jar:na]
	at com.google.common.util.concurrent.AbstractFuture.executeListener(AbstractFuture.java:817) ~[guava-19.0.jar:na]
	at com.google.common.util.concurrent.AbstractFuture.complete(AbstractFuture.java:753) ~[guava-19.0.jar:na]
	at com.google.common.util.concurrent.AbstractFuture.set(AbstractFuture.java:613) ~[guava-19.0.jar:na]
	at com.google.common.util.concurrent.CollectionFuture$CollectionFutureRunningState.handleAllCompleted(CollectionFuture.java:76) ~[guava-19.0.jar:na]
	at com.google.common.util.concurrent.AggregateFuture$RunningState.processCompleted(AggregateFuture.java:255) ~[guava-19.0.jar:na]
	at com.google.common.util.concurrent.AggregateFuture$RunningState.decrementCountAndMaybeComplete(AggregateFuture.java:242) ~[guava-19.0.jar:na]
	at com.google.common.util.concurrent.AggregateFuture$RunningState.access$300(AggregateFuture.java:91) ~[guava-19.0.jar:na]
	at com.google.common.util.concurrent.AggregateFuture$RunningState$1.run(AggregateFuture.java:146) ~[guava-19.0.jar:na]
	at com.google.common.util.concurrent.MoreExecutors$DirectExecutor.execute(MoreExecutors.java:456) ~[guava-19.0.jar:na]
	at com.google.common.util.concurrent.AbstractFuture.executeListener(AbstractFuture.java:817) ~[guava-19.0.jar:na]
	at com.google.common.util.concurrent.AbstractFuture.complete(AbstractFuture.java:753) ~[guava-19.0.jar:na]
	at com.google.common.util.concurrent.AbstractFuture.completeWithFuture(AbstractFuture.java:730) ~[guava-19.0.jar:na]
	at com.google.common.util.concurrent.AbstractFuture.setFuture(AbstractFuture.java:666) ~[guava-19.0.jar:na]
	at com.google.common.util.concurrent.Futures$AsyncCatchingFuture.doFallback(Futures.java:826) ~[guava-19.0.jar:na]
	at com.google.common.util.concurrent.Futures$AsyncCatchingFuture.doFallback(Futures.java:813) ~[guava-19.0.jar:na]
	at com.google.common.util.concurrent.Futures$AbstractCatchingFuture.run(Futures.java:789) ~[guava-19.0.jar:na]
	at com.google.common.util.concurrent.MoreExecutors$DirectExecutor.execute(MoreExecutors.java:456) ~[guava-19.0.jar:na]
	at com.google.common.util.concurrent.AbstractFuture.executeListener(AbstractFuture.java:817) ~[guava-19.0.jar:na]
	at com.google.common.util.concurrent.AbstractFuture.complete(AbstractFuture.java:753) ~[guava-19.0.jar:na]
	at com.google.common.util.concurrent.AbstractFuture.completeWithFuture(AbstractFuture.java:730) ~[guava-19.0.jar:na]
	at com.google.common.util.concurrent.AbstractFuture.setFuture(AbstractFuture.java:666) ~[guava-19.0.jar:na]
	at com.google.common.util.concurrent.Futures$AsyncCatchingFuture.doFallback(Futures.java:826) ~[guava-19.0.jar:na]
	at com.google.common.util.concurrent.Futures$AsyncCatchingFuture.doFallback(Futures.java:813) ~[guava-19.0.jar:na]
	at com.google.common.util.concurrent.Futures$AbstractCatchingFuture.run(Futures.java:789) ~[guava-19.0.jar:na]
	at com.google.common.util.concurrent.MoreExecutors$DirectExecutor.execute(MoreExecutors.java:456) ~[guava-19.0.jar:na]
	at com.google.common.util.concurrent.AbstractFuture.executeListener(AbstractFuture.java:817) ~[guava-19.0.jar:na]
	at com.google.common.util.concurrent.AbstractFuture.complete(AbstractFuture.java:753) ~[guava-19.0.jar:na]
	at com.google.common.util.concurrent.AbstractFuture.setException(AbstractFuture.java:634) ~[guava-19.0.jar:na]
	at com.google.common.util.concurrent.Futures$AbstractChainingFuture.run(Futures.java:1405) ~[guava-19.0.jar:na]
	at com.google.common.util.concurrent.MoreExecutors$DirectExecutor.execute(MoreExecutors.java:456) ~[guava-19.0.jar:na]
	at com.google.common.util.concurrent.AbstractFuture.executeListener(AbstractFuture.java:817) ~[guava-19.0.jar:na]
	at com.google.common.util.concurrent.AbstractFuture.complete(AbstractFuture.java:753) ~[guava-19.0.jar:na]
	at com.google.common.util.concurrent.AbstractFuture.setException(AbstractFuture.java:634) ~[guava-19.0.jar:na]
	at com.google.common.util.concurrent.SettableFuture.setException(SettableFuture.java:53) ~[guava-19.0.jar:na]
	at com.datastax.driver.core.Connection$1.operationComplete(Connection.java:222) ~[cassandra-driver-core-3.6.0.jar:na]
	at com.datastax.driver.core.Connection$1.operationComplete(Connection.java:194) ~[cassandra-driver-core-3.6.0.jar:na]
	at io.netty.util.concurrent.DefaultPromise.notifyListener0(DefaultPromise.java:502) ~[netty-common-4.1.36.Final.jar:4.1.36.Final]
	at io.netty.util.concurrent.DefaultPromise.notifyListeners0(DefaultPromise.java:495) ~[netty-common-4.1.36.Final.jar:4.1.36.Final]
	at io.netty.util.concurrent.DefaultPromise.notifyListenersNow(DefaultPromise.java:474) ~[netty-common-4.1.36.Final.jar:4.1.36.Final]
	at io.netty.util.concurrent.DefaultPromise.notifyListeners(DefaultPromise.java:415) ~[netty-common-4.1.36.Final.jar:4.1.36.Final]
	at io.netty.util.concurrent.DefaultPromise.setValue0(DefaultPromise.java:540) ~[netty-common-4.1.36.Final.jar:4.1.36.Final]
	at io.netty.util.concurrent.DefaultPromise.setFailure0(DefaultPromise.java:533) ~[netty-common-4.1.36.Final.jar:4.1.36.Final]
	at io.netty.util.concurrent.DefaultPromise.tryFailure(DefaultPromise.java:114) ~[netty-common-4.1.36.Final.jar:4.1.36.Final]
	at io.netty.channel.nio.AbstractNioChannel$AbstractNioUnsafe$1.run(AbstractNioChannel.java:269) ~[netty-transport-4.1.36.Final.jar:4.1.36.Final]
	at io.netty.util.concurrent.PromiseTask$RunnableAdapter.call(PromiseTask.java:38) ~[netty-common-4.1.36.Final.jar:4.1.36.Final]
	at io.netty.util.concurrent.ScheduledFutureTask.run(ScheduledFutureTask.java:127) ~[netty-common-4.1.36.Final.jar:4.1.36.Final]
	at io.netty.util.concurrent.AbstractEventExecutor.safeExecute(AbstractEventExecutor.java:163) ~[netty-common-4.1.36.Final.jar:4.1.36.Final]
	at io.netty.util.concurrent.SingleThreadEventExecutor.runAllTasks(SingleThreadEventExecutor.java:405) ~[netty-common-4.1.36.Final.jar:4.1.36.Final]
	at io.netty.channel.nio.NioEventLoop.run(NioEventLoop.java:500) ~[netty-transport-4.1.36.Final.jar:4.1.36.Final]
	at io.netty.util.concurrent.SingleThreadEventExecutor$5.run(SingleThreadEventExecutor.java:906) ~[netty-common-4.1.36.Final.jar:4.1.36.Final]
	at io.netty.util.internal.ThreadExecutorMap$2.run(ThreadExecutorMap.java:74) ~[netty-common-4.1.36.Final.jar:4.1.36.Final]
	at io.netty.util.concurrent.FastThreadLocalRunnable.run(FastThreadLocalRunnable.java:30) ~[netty-common-4.1.36.Final.jar:4.1.36.Final]
	at java.base/java.lang.Thread.run(Thread.java:834) ~[na:na]

2020-04-23 19:30:35.048  WARN 2466 --- [er-nio-worker-1] com.datastax.driver.core.Session         : Error creating pool to /10.128.0.3:9042

com.datastax.driver.core.exceptions.ConnectionException: [/10.128.0.3:9042] Pool was closed during initialization
	at com.datastax.driver.core.HostConnectionPool$2.onSuccess(HostConnectionPool.java:173) ~[cassandra-driver-core-3.6.0.jar:na]
	at com.datastax.driver.core.HostConnectionPool$2.onSuccess(HostConnectionPool.java:158) ~[cassandra-driver-core-3.6.0.jar:na]
	at com.google.common.util.concurrent.Futures$6.run(Futures.java:1773) ~[guava-19.0.jar:na]
	at com.google.common.util.concurrent.MoreExecutors$DirectExecutor.execute(MoreExecutors.java:456) ~[guava-19.0.jar:na]
	at com.google.common.util.concurrent.AbstractFuture.executeListener(AbstractFuture.java:817) ~[guava-19.0.jar:na]
	at com.google.common.util.concurrent.AbstractFuture.complete(AbstractFuture.java:753) ~[guava-19.0.jar:na]
	at com.google.common.util.concurrent.AbstractFuture.set(AbstractFuture.java:613) ~[guava-19.0.jar:na]
	at com.google.common.util.concurrent.CollectionFuture$CollectionFutureRunningState.handleAllCompleted(CollectionFuture.java:76) ~[guava-19.0.jar:na]
	at com.google.common.util.concurrent.AggregateFuture$RunningState.processCompleted(AggregateFuture.java:255) ~[guava-19.0.jar:na]
	at com.google.common.util.concurrent.AggregateFuture$RunningState.decrementCountAndMaybeComplete(AggregateFuture.java:242) ~[guava-19.0.jar:na]
	at com.google.common.util.concurrent.AggregateFuture$RunningState.access$300(AggregateFuture.java:91) ~[guava-19.0.jar:na]
	at com.google.common.util.concurrent.AggregateFuture$RunningState$1.run(AggregateFuture.java:146) ~[guava-19.0.jar:na]
	at com.google.common.util.concurrent.MoreExecutors$DirectExecutor.execute(MoreExecutors.java:456) ~[guava-19.0.jar:na]
	at com.google.common.util.concurrent.AbstractFuture.executeListener(AbstractFuture.java:817) ~[guava-19.0.jar:na]
	at com.google.common.util.concurrent.AbstractFuture.complete(AbstractFuture.java:753) ~[guava-19.0.jar:na]
	at com.google.common.util.concurrent.AbstractFuture.completeWithFuture(AbstractFuture.java:730) ~[guava-19.0.jar:na]
	at com.google.common.util.concurrent.AbstractFuture.setFuture(AbstractFuture.java:666) ~[guava-19.0.jar:na]
	at com.google.common.util.concurrent.Futures$AsyncCatchingFuture.doFallback(Futures.java:826) ~[guava-19.0.jar:na]
	at com.google.common.util.concurrent.Futures$AsyncCatchingFuture.doFallback(Futures.java:813) ~[guava-19.0.jar:na]
	at com.google.common.util.concurrent.Futures$AbstractCatchingFuture.run(Futures.java:789) ~[guava-19.0.jar:na]
	at com.google.common.util.concurrent.MoreExecutors$DirectExecutor.execute(MoreExecutors.java:456) ~[guava-19.0.jar:na]
	at com.google.common.util.concurrent.AbstractFuture.executeListener(AbstractFuture.java:817) ~[guava-19.0.jar:na]
	at com.google.common.util.concurrent.AbstractFuture.complete(AbstractFuture.java:753) ~[guava-19.0.jar:na]
	at com.google.common.util.concurrent.AbstractFuture.completeWithFuture(AbstractFuture.java:730) ~[guava-19.0.jar:na]
	at com.google.common.util.concurrent.AbstractFuture.setFuture(AbstractFuture.java:666) ~[guava-19.0.jar:na]
	at com.google.common.util.concurrent.Futures$AsyncCatchingFuture.doFallback(Futures.java:826) ~[guava-19.0.jar:na]
	at com.google.common.util.concurrent.Futures$AsyncCatchingFuture.doFallback(Futures.java:813) ~[guava-19.0.jar:na]
	at com.google.common.util.concurrent.Futures$AbstractCatchingFuture.run(Futures.java:789) ~[guava-19.0.jar:na]
	at com.google.common.util.concurrent.MoreExecutors$DirectExecutor.execute(MoreExecutors.java:456) ~[guava-19.0.jar:na]
	at com.google.common.util.concurrent.AbstractFuture.executeListener(AbstractFuture.java:817) ~[guava-19.0.jar:na]
	at com.google.common.util.concurrent.AbstractFuture.complete(AbstractFuture.java:753) ~[guava-19.0.jar:na]
	at com.google.common.util.concurrent.AbstractFuture.setException(AbstractFuture.java:634) ~[guava-19.0.jar:na]
	at com.google.common.util.concurrent.Futures$AbstractChainingFuture.run(Futures.java:1405) ~[guava-19.0.jar:na]
	at com.google.common.util.concurrent.MoreExecutors$DirectExecutor.execute(MoreExecutors.java:456) ~[guava-19.0.jar:na]
	at com.google.common.util.concurrent.AbstractFuture.executeListener(AbstractFuture.java:817) ~[guava-19.0.jar:na]
	at com.google.common.util.concurrent.AbstractFuture.complete(AbstractFuture.java:753) ~[guava-19.0.jar:na]
	at com.google.common.util.concurrent.AbstractFuture.setException(AbstractFuture.java:634) ~[guava-19.0.jar:na]
	at com.google.common.util.concurrent.SettableFuture.setException(SettableFuture.java:53) ~[guava-19.0.jar:na]
	at com.datastax.driver.core.Connection$1.operationComplete(Connection.java:222) ~[cassandra-driver-core-3.6.0.jar:na]
	at com.datastax.driver.core.Connection$1.operationComplete(Connection.java:194) ~[cassandra-driver-core-3.6.0.jar:na]
	at io.netty.util.concurrent.DefaultPromise.notifyListener0(DefaultPromise.java:502) ~[netty-common-4.1.36.Final.jar:4.1.36.Final]
	at io.netty.util.concurrent.DefaultPromise.notifyListeners0(DefaultPromise.java:495) ~[netty-common-4.1.36.Final.jar:4.1.36.Final]
	at io.netty.util.concurrent.DefaultPromise.notifyListenersNow(DefaultPromise.java:474) ~[netty-common-4.1.36.Final.jar:4.1.36.Final]
	at io.netty.util.concurrent.DefaultPromise.notifyListeners(DefaultPromise.java:415) ~[netty-common-4.1.36.Final.jar:4.1.36.Final]
	at io.netty.util.concurrent.DefaultPromise.setValue0(DefaultPromise.java:540) ~[netty-common-4.1.36.Final.jar:4.1.36.Final]
	at io.netty.util.concurrent.DefaultPromise.setFailure0(DefaultPromise.java:533) ~[netty-common-4.1.36.Final.jar:4.1.36.Final]
	at io.netty.util.concurrent.DefaultPromise.tryFailure(DefaultPromise.java:114) ~[netty-common-4.1.36.Final.jar:4.1.36.Final]
	at io.netty.channel.nio.AbstractNioChannel$AbstractNioUnsafe$1.run(AbstractNioChannel.java:269) ~[netty-transport-4.1.36.Final.jar:4.1.36.Final]
	at io.netty.util.concurrent.PromiseTask$RunnableAdapter.call(PromiseTask.java:38) ~[netty-common-4.1.36.Final.jar:4.1.36.Final]
	at io.netty.util.concurrent.ScheduledFutureTask.run(ScheduledFutureTask.java:127) ~[netty-common-4.1.36.Final.jar:4.1.36.Final]
	at io.netty.util.concurrent.AbstractEventExecutor.safeExecute(AbstractEventExecutor.java:163) ~[netty-common-4.1.36.Final.jar:4.1.36.Final]
	at io.netty.util.concurrent.SingleThreadEventExecutor.runAllTasks(SingleThreadEventExecutor.java:405) ~[netty-common-4.1.36.Final.jar:4.1.36.Final]
	at io.netty.channel.nio.NioEventLoop.run(NioEventLoop.java:500) ~[netty-transport-4.1.36.Final.jar:4.1.36.Final]
	at io.netty.util.concurrent.SingleThreadEventExecutor$5.run(SingleThreadEventExecutor.java:906) ~[netty-common-4.1.36.Final.jar:4.1.36.Final]
	at io.netty.util.internal.ThreadExecutorMap$2.run(ThreadExecutorMap.java:74) ~[netty-common-4.1.36.Final.jar:4.1.36.Final]
	at io.netty.util.concurrent.FastThreadLocalRunnable.run(FastThreadLocalRunnable.java:30) ~[netty-common-4.1.36.Final.jar:4.1.36.Final]
	at java.base/java.lang.Thread.run(Thread.java:834) ~[na:na]

2020-04-23 19:30:35.405  WARN 2466 --- [           main] o.s.w.c.s.GenericWebApplicationContext   : Exception encountered during context initialization - cancelling refresh attempt: org.springframework.beans.factory.UnsatisfiedDependencyException: Error creating bean with name 'notesController' defined in file [/Users/m_688776/Projects/Petclinic-Visit-Cassandra-Starter/petclinic-visit/target/classes/com/example/petclinic/controller/NotesController.class]: Unsatisfied dependency expressed through constructor parameter 0; nested exception is org.springframework.beans.factory.UnsatisfiedDependencyException: Error creating bean with name 'notesService' defined in file [/Users/m_688776/Projects/Petclinic-Visit-Cassandra-Starter/petclinic-visit/target/classes/com/example/petclinic/service/NotesService.class]: Unsatisfied dependency expressed through constructor parameter 0; nested exception is org.springframework.beans.factory.BeanCreationException: Error creating bean with name 'notesRepository': Cannot resolve reference to bean 'cassandraTemplate' while setting bean property 'cassandraTemplate'; nested exception is org.springframework.beans.factory.BeanCreationException: Error creating bean with name 'cassandraTemplate' defined in class path resource [com/example/petclinic/config/CassandraConfig.class]: Bean instantiation via factory method failed; nested exception is org.springframework.beans.BeanInstantiationException: Failed to instantiate [org.springframework.data.cassandra.core.CassandraAdminTemplate]: Factory method 'cassandraTemplate' threw exception; nested exception is org.springframework.beans.factory.BeanCreationException: Error creating bean with name 'sessionFactory' defined in class path resource [com/example/petclinic/config/CassandraConfig.class]: Bean instantiation via factory method failed; nested exception is org.springframework.beans.BeanInstantiationException: Failed to instantiate [org.springframework.data.cassandra.SessionFactory]: Factory method 'sessionFactory' threw exception; nested exception is org.springframework.beans.factory.BeanCreationException: Error creating bean with name 'session' defined in class path resource [com/example/petclinic/config/CassandraConfig.class]: Bean instantiation via factory method failed; nested exception is org.springframework.beans.BeanInstantiationException: Failed to instantiate [org.springframework.data.cassandra.config.CassandraSessionFactoryBean]: Factory method 'session' threw exception; nested exception is org.springframework.beans.factory.BeanCreationException: Error creating bean with name 'cassandraConverter' defined in class path resource [com/example/petclinic/config/CassandraConfig.class]: Bean instantiation via factory method failed; nested exception is org.springframework.beans.BeanInstantiationException: Failed to instantiate [org.springframework.data.cassandra.core.convert.CassandraConverter]: Factory method 'cassandraConverter' threw exception; nested exception is org.springframework.beans.factory.BeanCreationException: Error creating bean with name 'cassandraMapping' defined in class path resource [com/example/petclinic/config/CassandraConfig.class]: Invocation of init method failed; nested exception is java.lang.IllegalArgumentException: given string [notes-test] is not a valid quoted or unquoted identifier
2020-04-23 19:30:38.315  INFO 2466 --- [           main] j.LocalContainerEntityManagerFactoryBean : Closing JPA EntityManagerFactory for persistence unit 'default'
2020-04-23 19:30:38.321  INFO 2466 --- [           main] o.s.b.f.support.DisposableBeanAdapter    : Invocation of destroy method failed on bean with name 'inMemoryDatabaseShutdownExecutor': org.h2.jdbc.JdbcSQLNonTransientConnectionException: Database is already closed (to disable automatic closing at VM shutdown, add ";DB_CLOSE_ON_EXIT=FALSE" to the db URL) [90121-199]
2020-04-23 19:30:38.321  INFO 2466 --- [           main] com.zaxxer.hikari.HikariDataSource       : HikariPool-1 - Shutdown initiated...
2020-04-23 19:30:38.324  INFO 2466 --- [           main] com.zaxxer.hikari.HikariDataSource       : HikariPool-1 - Shutdown completed.
2020-04-23 19:30:38.333  INFO 2466 --- [           main] ConditionEvaluationReportLoggingListener : 

Error starting ApplicationContext. To display the conditions report re-run your application with 'debug' enabled.
2020-04-23 19:30:38.337 ERROR 2466 --- [           main] o.s.boot.SpringApplication               : Application run failed

org.springframework.beans.factory.UnsatisfiedDependencyException: Error creating bean with name 'notesController' defined in file [/Users/m_688776/Projects/Petclinic-Visit-Cassandra-Starter/petclinic-visit/target/classes/com/example/petclinic/controller/NotesController.class]: Unsatisfied dependency expressed through constructor parameter 0; nested exception is org.springframework.beans.factory.UnsatisfiedDependencyException: Error creating bean with name 'notesService' defined in file [/Users/m_688776/Projects/Petclinic-Visit-Cassandra-Starter/petclinic-visit/target/classes/com/example/petclinic/service/NotesService.class]: Unsatisfied dependency expressed through constructor parameter 0; nested exception is org.springframework.beans.factory.BeanCreationException: Error creating bean with name 'notesRepository': Cannot resolve reference to bean 'cassandraTemplate' while setting bean property 'cassandraTemplate'; nested exception is org.springframework.beans.factory.BeanCreationException: Error creating bean with name 'cassandraTemplate' defined in class path resource [com/example/petclinic/config/CassandraConfig.class]: Bean instantiation via factory method failed; nested exception is org.springframework.beans.BeanInstantiationException: Failed to instantiate [org.springframework.data.cassandra.core.CassandraAdminTemplate]: Factory method 'cassandraTemplate' threw exception; nested exception is org.springframework.beans.factory.BeanCreationException: Error creating bean with name 'sessionFactory' defined in class path resource [com/example/petclinic/config/CassandraConfig.class]: Bean instantiation via factory method failed; nested exception is org.springframework.beans.BeanInstantiationException: Failed to instantiate [org.springframework.data.cassandra.SessionFactory]: Factory method 'sessionFactory' threw exception; nested exception is org.springframework.beans.factory.BeanCreationException: Error creating bean with name 'session' defined in class path resource [com/example/petclinic/config/CassandraConfig.class]: Bean instantiation via factory method failed; nested exception is org.springframework.beans.BeanInstantiationException: Failed to instantiate [org.springframework.data.cassandra.config.CassandraSessionFactoryBean]: Factory method 'session' threw exception; nested exception is org.springframework.beans.factory.BeanCreationException: Error creating bean with name 'cassandraConverter' defined in class path resource [com/example/petclinic/config/CassandraConfig.class]: Bean instantiation via factory method failed; nested exception is org.springframework.beans.BeanInstantiationException: Failed to instantiate [org.springframework.data.cassandra.core.convert.CassandraConverter]: Factory method 'cassandraConverter' threw exception; nested exception is org.springframework.beans.factory.BeanCreationException: Error creating bean with name 'cassandraMapping' defined in class path resource [com/example/petclinic/config/CassandraConfig.class]: Invocation of init method failed; nested exception is java.lang.IllegalArgumentException: given string [notes-test] is not a valid quoted or unquoted identifier
	at org.springframework.beans.factory.support.ConstructorResolver.createArgumentArray(ConstructorResolver.java:769) ~[spring-beans-5.1.8.RELEASE.jar:5.1.8.RELEASE]
	at org.springframework.beans.factory.support.ConstructorResolver.autowireConstructor(ConstructorResolver.java:218) ~[spring-beans-5.1.8.RELEASE.jar:5.1.8.RELEASE]
	at org.springframework.beans.factory.support.AbstractAutowireCapableBeanFactory.autowireConstructor(AbstractAutowireCapableBeanFactory.java:1341) ~[spring-beans-5.1.8.RELEASE.jar:5.1.8.RELEASE]
	at org.springframework.beans.factory.support.AbstractAutowireCapableBeanFactory.createBeanInstance(AbstractAutowireCapableBeanFactory.java:1187) ~[spring-beans-5.1.8.RELEASE.jar:5.1.8.RELEASE]
	at org.springframework.beans.factory.support.AbstractAutowireCapableBeanFactory.doCreateBean(AbstractAutowireCapableBeanFactory.java:555) ~[spring-beans-5.1.8.RELEASE.jar:5.1.8.RELEASE]
	at org.springframework.beans.factory.support.AbstractAutowireCapableBeanFactory.createBean(AbstractAutowireCapableBeanFactory.java:515) ~[spring-beans-5.1.8.RELEASE.jar:5.1.8.RELEASE]
	at org.springframework.beans.factory.support.AbstractBeanFactory.lambda$doGetBean$0(AbstractBeanFactory.java:320) ~[spring-beans-5.1.8.RELEASE.jar:5.1.8.RELEASE]
	at org.springframework.beans.factory.support.DefaultSingletonBeanRegistry.getSingleton(DefaultSingletonBeanRegistry.java:222) ~[spring-beans-5.1.8.RELEASE.jar:5.1.8.RELEASE]
	at org.springframework.beans.factory.support.AbstractBeanFactory.doGetBean(AbstractBeanFactory.java:318) ~[spring-beans-5.1.8.RELEASE.jar:5.1.8.RELEASE]
	at org.springframework.beans.factory.support.AbstractBeanFactory.getBean(AbstractBeanFactory.java:199) ~[spring-beans-5.1.8.RELEASE.jar:5.1.8.RELEASE]
	at org.springframework.beans.factory.support.DefaultListableBeanFactory.preInstantiateSingletons(DefaultListableBeanFactory.java:845) ~[spring-beans-5.1.8.RELEASE.jar:5.1.8.RELEASE]
	at org.springframework.context.support.AbstractApplicationContext.finishBeanFactoryInitialization(AbstractApplicationContext.java:877) ~[spring-context-5.1.8.RELEASE.jar:5.1.8.RELEASE]
	at org.springframework.context.support.AbstractApplicationContext.refresh(AbstractApplicationContext.java:549) ~[spring-context-5.1.8.RELEASE.jar:5.1.8.RELEASE]
	at org.springframework.boot.SpringApplication.refresh(SpringApplication.java:742) ~[spring-boot-2.1.6.RELEASE.jar:2.1.6.RELEASE]
	at org.springframework.boot.SpringApplication.refreshContext(SpringApplication.java:389) ~[spring-boot-2.1.6.RELEASE.jar:2.1.6.RELEASE]
	at org.springframework.boot.SpringApplication.run(SpringApplication.java:311) ~[spring-boot-2.1.6.RELEASE.jar:2.1.6.RELEASE]
	at org.springframework.boot.test.context.SpringBootContextLoader.loadContext(SpringBootContextLoader.java:119) ~[spring-boot-test-2.1.6.RELEASE.jar:2.1.6.RELEASE]
	at org.springframework.test.context.cache.DefaultCacheAwareContextLoaderDelegate.loadContextInternal(DefaultCacheAwareContextLoaderDelegate.java:99) ~[spring-test-5.1.8.RELEASE.jar:5.1.8.RELEASE]
	at org.springframework.test.context.cache.DefaultCacheAwareContextLoaderDelegate.loadContext(DefaultCacheAwareContextLoaderDelegate.java:117) ~[spring-test-5.1.8.RELEASE.jar:5.1.8.RELEASE]
	at org.springframework.test.context.support.DefaultTestContext.getApplicationContext(DefaultTestContext.java:108) ~[spring-test-5.1.8.RELEASE.jar:5.1.8.RELEASE]
	at org.springframework.test.context.web.ServletTestExecutionListener.setUpRequestContextIfNecessary(ServletTestExecutionListener.java:190) ~[spring-test-5.1.8.RELEASE.jar:5.1.8.RELEASE]
	at org.springframework.test.context.web.ServletTestExecutionListener.prepareTestInstance(ServletTestExecutionListener.java:132) ~[spring-test-5.1.8.RELEASE.jar:5.1.8.RELEASE]
	at org.springframework.test.context.TestContextManager.prepareTestInstance(TestContextManager.java:246) ~[spring-test-5.1.8.RELEASE.jar:5.1.8.RELEASE]
	at org.springframework.test.context.junit4.SpringJUnit4ClassRunner.createTest(SpringJUnit4ClassRunner.java:227) ~[spring-test-5.1.8.RELEASE.jar:5.1.8.RELEASE]
	at org.springframework.test.context.junit4.SpringJUnit4ClassRunner$1.runReflectiveCall(SpringJUnit4ClassRunner.java:289) ~[spring-test-5.1.8.RELEASE.jar:5.1.8.RELEASE]
	at org.junit.internal.runners.model.ReflectiveCallable.run(ReflectiveCallable.java:12) ~[junit-4.12.jar:4.12]
	at org.springframework.test.context.junit4.SpringJUnit4ClassRunner.methodBlock(SpringJUnit4ClassRunner.java:291) ~[spring-test-5.1.8.RELEASE.jar:5.1.8.RELEASE]
	at org.springframework.test.context.junit4.SpringJUnit4ClassRunner.runChild(SpringJUnit4ClassRunner.java:246) ~[spring-test-5.1.8.RELEASE.jar:5.1.8.RELEASE]
	at org.springframework.test.context.junit4.SpringJUnit4ClassRunner.runChild(SpringJUnit4ClassRunner.java:97) ~[spring-test-5.1.8.RELEASE.jar:5.1.8.RELEASE]
	at org.junit.runners.ParentRunner$3.run(ParentRunner.java:290) ~[junit-4.12.jar:4.12]
	at org.junit.runners.ParentRunner$1.schedule(ParentRunner.java:71) ~[junit-4.12.jar:4.12]
	at org.junit.runners.ParentRunner.runChildren(ParentRunner.java:288) ~[junit-4.12.jar:4.12]
	at org.junit.runners.ParentRunner.access$000(ParentRunner.java:58) ~[junit-4.12.jar:4.12]
	at org.junit.runners.ParentRunner$2.evaluate(ParentRunner.java:268) ~[junit-4.12.jar:4.12]
	at org.springframework.test.context.junit4.statements.RunBeforeTestClassCallbacks.evaluate(RunBeforeTestClassCallbacks.java:61) ~[spring-test-5.1.8.RELEASE.jar:5.1.8.RELEASE]
	at org.springframework.test.context.junit4.statements.RunAfterTestClassCallbacks.evaluate(RunAfterTestClassCallbacks.java:70) ~[spring-test-5.1.8.RELEASE.jar:5.1.8.RELEASE]
	at org.junit.runners.ParentRunner.run(ParentRunner.java:363) ~[junit-4.12.jar:4.12]
	at org.springframework.test.context.junit4.SpringJUnit4ClassRunner.run(SpringJUnit4ClassRunner.java:190) ~[spring-test-5.1.8.RELEASE.jar:5.1.8.RELEASE]
	at org.apache.maven.surefire.junit4.JUnit4Provider.execute(JUnit4Provider.java:365) ~[surefire-junit4-2.22.2.jar:2.22.2]
	at org.apache.maven.surefire.junit4.JUnit4Provider.executeWithRerun(JUnit4Provider.java:273) ~[surefire-junit4-2.22.2.jar:2.22.2]
	at org.apache.maven.surefire.junit4.JUnit4Provider.executeTestSet(JUnit4Provider.java:238) ~[surefire-junit4-2.22.2.jar:2.22.2]
	at org.apache.maven.surefire.junit4.JUnit4Provider.invoke(JUnit4Provider.java:159) ~[surefire-junit4-2.22.2.jar:2.22.2]
	at org.apache.maven.surefire.booter.ForkedBooter.invokeProviderInSameClassLoader(ForkedBooter.java:384) ~[surefire-booter-2.22.2.jar:2.22.2]
	at org.apache.maven.surefire.booter.ForkedBooter.runSuitesInProcess(ForkedBooter.java:345) ~[surefire-booter-2.22.2.jar:2.22.2]
	at org.apache.maven.surefire.booter.ForkedBooter.execute(ForkedBooter.java:126) ~[surefire-booter-2.22.2.jar:2.22.2]
	at org.apache.maven.surefire.booter.ForkedBooter.main(ForkedBooter.java:418) ~[surefire-booter-2.22.2.jar:2.22.2]
Caused by: org.springframework.beans.factory.UnsatisfiedDependencyException: Error creating bean with name 'notesService' defined in file [/Users/m_688776/Projects/Petclinic-Visit-Cassandra-Starter/petclinic-visit/target/classes/com/example/petclinic/service/NotesService.class]: Unsatisfied dependency expressed through constructor parameter 0; nested exception is org.springframework.beans.factory.BeanCreationException: Error creating bean with name 'notesRepository': Cannot resolve reference to bean 'cassandraTemplate' while setting bean property 'cassandraTemplate'; nested exception is org.springframework.beans.factory.BeanCreationException: Error creating bean with name 'cassandraTemplate' defined in class path resource [com/example/petclinic/config/CassandraConfig.class]: Bean instantiation via factory method failed; nested exception is org.springframework.beans.BeanInstantiationException: Failed to instantiate [org.springframework.data.cassandra.core.CassandraAdminTemplate]: Factory method 'cassandraTemplate' threw exception; nested exception is org.springframework.beans.factory.BeanCreationException: Error creating bean with name 'sessionFactory' defined in class path resource [com/example/petclinic/config/CassandraConfig.class]: Bean instantiation via factory method failed; nested exception is org.springframework.beans.BeanInstantiationException: Failed to instantiate [org.springframework.data.cassandra.SessionFactory]: Factory method 'sessionFactory' threw exception; nested exception is org.springframework.beans.factory.BeanCreationException: Error creating bean with name 'session' defined in class path resource [com/example/petclinic/config/CassandraConfig.class]: Bean instantiation via factory method failed; nested exception is org.springframework.beans.BeanInstantiationException: Failed to instantiate [org.springframework.data.cassandra.config.CassandraSessionFactoryBean]: Factory method 'session' threw exception; nested exception is org.springframework.beans.factory.BeanCreationException: Error creating bean with name 'cassandraConverter' defined in class path resource [com/example/petclinic/config/CassandraConfig.class]: Bean instantiation via factory method failed; nested exception is org.springframework.beans.BeanInstantiationException: Failed to instantiate [org.springframework.data.cassandra.core.convert.CassandraConverter]: Factory method 'cassandraConverter' threw exception; nested exception is org.springframework.beans.factory.BeanCreationException: Error creating bean with name 'cassandraMapping' defined in class path resource [com/example/petclinic/config/CassandraConfig.class]: Invocation of init method failed; nested exception is java.lang.IllegalArgumentException: given string [notes-test] is not a valid quoted or unquoted identifier
	at org.springframework.beans.factory.support.ConstructorResolver.createArgumentArray(ConstructorResolver.java:769) ~[spring-beans-5.1.8.RELEASE.jar:5.1.8.RELEASE]
	at org.springframework.beans.factory.support.ConstructorResolver.autowireConstructor(ConstructorResolver.java:218) ~[spring-beans-5.1.8.RELEASE.jar:5.1.8.RELEASE]
	at org.springframework.beans.factory.support.AbstractAutowireCapableBeanFactory.autowireConstructor(AbstractAutowireCapableBeanFactory.java:1341) ~[spring-beans-5.1.8.RELEASE.jar:5.1.8.RELEASE]
	at org.springframework.beans.factory.support.AbstractAutowireCapableBeanFactory.createBeanInstance(AbstractAutowireCapableBeanFactory.java:1187) ~[spring-beans-5.1.8.RELEASE.jar:5.1.8.RELEASE]
	at org.springframework.beans.factory.support.AbstractAutowireCapableBeanFactory.doCreateBean(AbstractAutowireCapableBeanFactory.java:555) ~[spring-beans-5.1.8.RELEASE.jar:5.1.8.RELEASE]
	at org.springframework.beans.factory.support.AbstractAutowireCapableBeanFactory.createBean(AbstractAutowireCapableBeanFactory.java:515) ~[spring-beans-5.1.8.RELEASE.jar:5.1.8.RELEASE]
	at org.springframework.beans.factory.support.AbstractBeanFactory.lambda$doGetBean$0(AbstractBeanFactory.java:320) ~[spring-beans-5.1.8.RELEASE.jar:5.1.8.RELEASE]
	at org.springframework.beans.factory.support.DefaultSingletonBeanRegistry.getSingleton(DefaultSingletonBeanRegistry.java:222) ~[spring-beans-5.1.8.RELEASE.jar:5.1.8.RELEASE]
	at org.springframework.beans.factory.support.AbstractBeanFactory.doGetBean(AbstractBeanFactory.java:318) ~[spring-beans-5.1.8.RELEASE.jar:5.1.8.RELEASE]
	at org.springframework.beans.factory.support.AbstractBeanFactory.getBean(AbstractBeanFactory.java:199) ~[spring-beans-5.1.8.RELEASE.jar:5.1.8.RELEASE]
	at org.springframework.beans.factory.config.DependencyDescriptor.resolveCandidate(DependencyDescriptor.java:277) ~[spring-beans-5.1.8.RELEASE.jar:5.1.8.RELEASE]
	at org.springframework.beans.factory.support.DefaultListableBeanFactory.doResolveDependency(DefaultListableBeanFactory.java:1251) ~[spring-beans-5.1.8.RELEASE.jar:5.1.8.RELEASE]
	at org.springframework.beans.factory.support.DefaultListableBeanFactory.resolveDependency(DefaultListableBeanFactory.java:1171) ~[spring-beans-5.1.8.RELEASE.jar:5.1.8.RELEASE]
	at org.springframework.beans.factory.support.ConstructorResolver.resolveAutowiredArgument(ConstructorResolver.java:857) ~[spring-beans-5.1.8.RELEASE.jar:5.1.8.RELEASE]
	at org.springframework.beans.factory.support.ConstructorResolver.createArgumentArray(ConstructorResolver.java:760) ~[spring-beans-5.1.8.RELEASE.jar:5.1.8.RELEASE]
	... 45 common frames omitted
Caused by: org.springframework.beans.factory.BeanCreationException: Error creating bean with name 'notesRepository': Cannot resolve reference to bean 'cassandraTemplate' while setting bean property 'cassandraTemplate'; nested exception is org.springframework.beans.factory.BeanCreationException: Error creating bean with name 'cassandraTemplate' defined in class path resource [com/example/petclinic/config/CassandraConfig.class]: Bean instantiation via factory method failed; nested exception is org.springframework.beans.BeanInstantiationException: Failed to instantiate [org.springframework.data.cassandra.core.CassandraAdminTemplate]: Factory method 'cassandraTemplate' threw exception; nested exception is org.springframework.beans.factory.BeanCreationException: Error creating bean with name 'sessionFactory' defined in class path resource [com/example/petclinic/config/CassandraConfig.class]: Bean instantiation via factory method failed; nested exception is org.springframework.beans.BeanInstantiationException: Failed to instantiate [org.springframework.data.cassandra.SessionFactory]: Factory method 'sessionFactory' threw exception; nested exception is org.springframework.beans.factory.BeanCreationException: Error creating bean with name 'session' defined in class path resource [com/example/petclinic/config/CassandraConfig.class]: Bean instantiation via factory method failed; nested exception is org.springframework.beans.BeanInstantiationException: Failed to instantiate [org.springframework.data.cassandra.config.CassandraSessionFactoryBean]: Factory method 'session' threw exception; nested exception is org.springframework.beans.factory.BeanCreationException: Error creating bean with name 'cassandraConverter' defined in class path resource [com/example/petclinic/config/CassandraConfig.class]: Bean instantiation via factory method failed; nested exception is org.springframework.beans.BeanInstantiationException: Failed to instantiate [org.springframework.data.cassandra.core.convert.CassandraConverter]: Factory method 'cassandraConverter' threw exception; nested exception is org.springframework.beans.factory.BeanCreationException: Error creating bean with name 'cassandraMapping' defined in class path resource [com/example/petclinic/config/CassandraConfig.class]: Invocation of init method failed; nested exception is java.lang.IllegalArgumentException: given string [notes-test] is not a valid quoted or unquoted identifier
	at org.springframework.beans.factory.support.BeanDefinitionValueResolver.resolveReference(BeanDefinitionValueResolver.java:314) ~[spring-beans-5.1.8.RELEASE.jar:5.1.8.RELEASE]
	at org.springframework.beans.factory.support.BeanDefinitionValueResolver.resolveValueIfNecessary(BeanDefinitionValueResolver.java:110) ~[spring-beans-5.1.8.RELEASE.jar:5.1.8.RELEASE]
	at org.springframework.beans.factory.support.AbstractAutowireCapableBeanFactory.applyPropertyValues(AbstractAutowireCapableBeanFactory.java:1681) ~[spring-beans-5.1.8.RELEASE.jar:5.1.8.RELEASE]
	at org.springframework.beans.factory.support.AbstractAutowireCapableBeanFactory.populateBean(AbstractAutowireCapableBeanFactory.java:1433) ~[spring-beans-5.1.8.RELEASE.jar:5.1.8.RELEASE]
	at org.springframework.beans.factory.support.AbstractAutowireCapableBeanFactory.doCreateBean(AbstractAutowireCapableBeanFactory.java:592) ~[spring-beans-5.1.8.RELEASE.jar:5.1.8.RELEASE]
	at org.springframework.beans.factory.support.AbstractAutowireCapableBeanFactory.createBean(AbstractAutowireCapableBeanFactory.java:515) ~[spring-beans-5.1.8.RELEASE.jar:5.1.8.RELEASE]
	at org.springframework.beans.factory.support.AbstractBeanFactory.lambda$doGetBean$0(AbstractBeanFactory.java:320) ~[spring-beans-5.1.8.RELEASE.jar:5.1.8.RELEASE]
	at org.springframework.beans.factory.support.DefaultSingletonBeanRegistry.getSingleton(DefaultSingletonBeanRegistry.java:222) ~[spring-beans-5.1.8.RELEASE.jar:5.1.8.RELEASE]
	at org.springframework.beans.factory.support.AbstractBeanFactory.doGetBean(AbstractBeanFactory.java:318) ~[spring-beans-5.1.8.RELEASE.jar:5.1.8.RELEASE]
	at org.springframework.beans.factory.support.AbstractBeanFactory.getBean(AbstractBeanFactory.java:199) ~[spring-beans-5.1.8.RELEASE.jar:5.1.8.RELEASE]
[...]
	at org.springframework.beans.factory.support.SimpleInstantiationStrategy.instantiate(SimpleInstantiationStrategy.java:185) ~[spring-beans-5.1.8.RELEASE.jar:5.1.8.RELEASE]
	at org.springframework.beans.factory.support.ConstructorResolver.instantiate(ConstructorResolver.java:622) ~[spring-beans-5.1.8.RELEASE.jar:5.1.8.RELEASE]
	... 107 common frames omitted
Caused by: org.springframework.beans.factory.BeanCreationException: Error creating bean with name 'session' defined in class path resource [com/example/petclinic/config/CassandraConfig.class]: Bean instantiation via factory method failed; nested exception is org.springframework.beans.BeanInstantiationException: Failed to instantiate [org.springframework.data.cassandra.config.CassandraSessionFactoryBean]: Factory method 'session' threw exception; nested exception is org.springframework.beans.factory.BeanCreationException: Error creating bean with name 'cassandraConverter' defined in class path resource [com/example/petclinic/config/CassandraConfig.class]: Bean instantiation via factory method failed; nested exception is org.springframework.beans.BeanInstantiationException: Failed to instantiate [org.springframework.data.cassandra.core.convert.CassandraConverter]: Factory method 'cassandraConverter' threw exception; nested exception is org.springframework.beans.factory.BeanCreationException: Error creating bean with name 'cassandraMapping' defined in class path resource [com/example/petclinic/config/CassandraConfig.class]: Invocation of init method failed; nested exception is java.lang.IllegalArgumentException: given string [notes-test] is not a valid quoted or unquoted identifier
	at org.springframework.beans.factory.support.ConstructorResolver.instantiate(ConstructorResolver.java:627) ~[spring-beans-5.1.8.RELEASE.jar:5.1.8.RELEASE]
	at org.springframework.beans.factory.support.ConstructorResolver.instantiateUsingFactoryMethod(ConstructorResolver.java:456) ~[spring-beans-5.1.8.RELEASE.jar:5.1.8.RELEASE]
	at org.springframework.beans.factory.support.AbstractAutowireCapableBeanFactory.instantiateUsingFactoryMethod(AbstractAutowireCapableBeanFactory.java:1321) ~[spring-beans-5.1.8.RELEASE.jar:5.1.8.RELEASE]
	at org.springframework.beans.factory.support.AbstractAutowireCapableBeanFactory.createBeanInstance(AbstractAutowireCapableBeanFactory.java:1160) ~[spring-beans-5.1.8.RELEASE.jar:5.1.8.RELEASE]
	at org.springframework.beans.factory.support.AbstractAutowireCapableBeanFactory.doCreateBean(AbstractAutowireCapableBeanFactory.java:555) ~[spring-beans-5.1.8.RELEASE.jar:5.1.8.RELEASE]
	at org.springframework.beans.factory.support.AbstractAutowireCapableBeanFactory.createBean(AbstractAutowireCapableBeanFactory.java:515) ~[spring-beans-5.1.8.RELEASE.jar:5.1.8.RELEASE]
	at org.springframework.beans.factory.support.AbstractBeanFactory.lambda$doGetBean$0(AbstractBeanFactory.java:320) ~[spring-beans-5.1.8.RELEASE.jar:5.1.8.RELEASE]
	at org.springframework.beans.factory.support.DefaultSingletonBeanRegistry.getSingleton(DefaultSingletonBeanRegistry.java:222) ~[spring-beans-5.1.8.RELEASE.jar:5.1.8.RELEASE]
	at org.springframework.beans.factory.support.AbstractBeanFactory.doGetBean(AbstractBeanFactory.java:318) ~[spring-beans-5.1.8.RELEASE.jar:5.1.8.RELEASE]
	at org.springframework.beans.factory.support.AbstractBeanFactory.getBean(AbstractBeanFactory.java:199) ~[spring-beans-5.1.8.RELEASE.jar:5.1.8.RELEASE]
	at org.springframework.context.annotation.ConfigurationClassEnhancer$BeanMethodInterceptor.intercept(ConfigurationClassEnhancer.java:339) ~[spring-context-5.1.8.RELEASE.jar:5.1.8.RELEASE]
	at com.example.petclinic.config.CassandraConfig$$EnhancerBySpringCGLIB$$9aed37b4.session(<generated>) ~[classes/:na]
	at org.springframework.data.cassandra.config.AbstractCassandraConfiguration.getRequiredSession(AbstractCassandraConfiguration.java:66) ~[spring-data-cassandra-2.1.9.RELEASE.jar:2.1.9.RELEASE]
	at org.springframework.data.cassandra.config.AbstractCassandraConfiguration.sessionFactory(AbstractCassandraConfiguration.java:112) ~[spring-data-cassandra-2.1.9.RELEASE.jar:2.1.9.RELEASE]
	at com.example.petclinic.config.CassandraConfig$$EnhancerBySpringCGLIB$$9aed37b4.CGLIB$sessionFactory$10(<generated>) ~[classes/:na]
	at com.example.petclinic.config.CassandraConfig$$EnhancerBySpringCGLIB$$9aed37b4$$FastClassBySpringCGLIB$$e0945a0.invoke(<generated>) ~[classes/:na]
	at org.springframework.cglib.proxy.MethodProxy.invokeSuper(MethodProxy.java:244) ~[spring-core-5.1.8.RELEASE.jar:5.1.8.RELEASE]
	at org.springframework.context.annotation.ConfigurationClassEnhancer$BeanMethodInterceptor.intercept(ConfigurationClassEnhancer.java:363) ~[spring-context-5.1.8.RELEASE.jar:5.1.8.RELEASE]
	at com.example.petclinic.config.CassandraConfig$$EnhancerBySpringCGLIB$$9aed37b4.sessionFactory(<generated>) ~[classes/:na]
	at java.base/jdk.internal.reflect.NativeMethodAccessorImpl.invoke0(Native Method) ~[na:na]
	at java.base/jdk.internal.reflect.NativeMethodAccessorImpl.invoke(NativeMethodAccessorImpl.java:62) ~[na:na]
	at java.base/jdk.internal.reflect.DelegatingMethodAccessorImpl.invoke(DelegatingMethodAccessorImpl.java:43) ~[na:na]
	at java.base/java.lang.reflect.Method.invoke(Method.java:566) ~[na:na]
	at org.springframework.beans.factory.support.SimpleInstantiationStrategy.instantiate(SimpleInstantiationStrategy.java:154) ~[spring-beans-5.1.8.RELEASE.jar:5.1.8.RELEASE]
	... 108 common frames omitted
Caused by: org.springframework.beans.BeanInstantiationException: Failed to instantiate [org.springframework.data.cassandra.config.CassandraSessionFactoryBean]: Factory method 'session' threw exception; nested exception is org.springframework.beans.factory.BeanCreationException: Error creating bean with name 'cassandraConverter' defined in class path resource [com/example/petclinic/config/CassandraConfig.class]: Bean instantiation via factory method failed; nested exception is org.springframework.beans.BeanInstantiationException: Failed to instantiate [org.springframework.data.cassandra.core.convert.CassandraConverter]: Factory method 'cassandraConverter' threw exception; nested exception is org.springframework.beans.factory.BeanCreationException: Error creating bean with name 'cassandraMapping' defined in class path resource [com/example/petclinic/config/CassandraConfig.class]: Invocation of init method failed; nested exception is java.lang.IllegalArgumentException: given string [notes-test] is not a valid quoted or unquoted identifier
	at org.springframework.beans.factory.support.SimpleInstantiationStrategy.instantiate(SimpleInstantiationStrategy.java:185) ~[spring-beans-5.1.8.RELEASE.jar:5.1.8.RELEASE]
	at org.springframework.beans.factory.support.ConstructorResolver.instantiate(ConstructorResolver.java:622) ~[spring-beans-5.1.8.RELEASE.jar:5.1.8.RELEASE]
	... 131 common frames omitted
Caused by: org.springframework.beans.factory.BeanCreationException: Error creating bean with name 'cassandraConverter' defined in class path resource [com/example/petclinic/config/CassandraConfig.class]: Bean instantiation via factory method failed; nested exception is org.springframework.beans.BeanInstantiationException: Failed to instantiate [org.springframework.data.cassandra.core.convert.CassandraConverter]: Factory method 'cassandraConverter' threw exception; nested exception is org.springframework.beans.factory.BeanCreationException: Error creating bean with name 'cassandraMapping' defined in class path resource [com/example/petclinic/config/CassandraConfig.class]: Invocation of init method failed; nested exception is java.lang.IllegalArgumentException: given string [notes-test] is not a valid quoted or unquoted identifier
	at org.springframework.beans.factory.support.ConstructorResolver.instantiate(ConstructorResolver.java:627) ~[spring-beans-5.1.8.RELEASE.jar:5.1.8.RELEASE]
	at org.springframework.beans.factory.support.ConstructorResolver.instantiateUsingFactoryMethod(ConstructorResolver.java:456) ~[spring-beans-5.1.8.RELEASE.jar:5.1.8.RELEASE]
	at org.springframework.beans.factory.support.AbstractAutowireCapableBeanFactory.instantiateUsingFactoryMethod(AbstractAutowireCapableBeanFactory.java:1321) ~[spring-beans-5.1.8.RELEASE.jar:5.1.8.RELEASE]
	at org.springframework.beans.factory.support.AbstractAutowireCapableBeanFactory.createBeanInstance(AbstractAutowireCapableBeanFactory.java:1160) ~[spring-beans-5.1.8.RELEASE.jar:5.1.8.RELEASE]
	at org.springframework.beans.factory.support.AbstractAutowireCapableBeanFactory.doCreateBean(AbstractAutowireCapableBeanFactory.java:555) ~[spring-beans-5.1.8.RELEASE.jar:5.1.8.RELEASE]
	at org.springframework.beans.factory.support.AbstractAutowireCapableBeanFactory.createBean(AbstractAutowireCapableBeanFactory.java:515) ~[spring-beans-5.1.8.RELEASE.jar:5.1.8.RELEASE]
	at org.springframework.beans.factory.support.AbstractBeanFactory.lambda$doGetBean$0(AbstractBeanFactory.java:320) ~[spring-beans-5.1.8.RELEASE.jar:5.1.8.RELEASE]
	at org.springframework.beans.factory.support.DefaultSingletonBeanRegistry.getSingleton(DefaultSingletonBeanRegistry.java:222) ~[spring-beans-5.1.8.RELEASE.jar:5.1.8.RELEASE]
	at org.springframework.beans.factory.support.AbstractBeanFactory.doGetBean(AbstractBeanFactory.java:318) ~[spring-beans-5.1.8.RELEASE.jar:5.1.8.RELEASE]
	at org.springframework.beans.factory.support.AbstractBeanFactory.getBean(AbstractBeanFactory.java:199) ~[spring-beans-5.1.8.RELEASE.jar:5.1.8.RELEASE]
	at org.springframework.context.annotation.ConfigurationClassEnhancer$BeanMethodInterceptor.resolveBeanReference(ConfigurationClassEnhancer.java:394) ~[spring-context-5.1.8.RELEASE.jar:5.1.8.RELEASE]
	at org.springframework.context.annotation.ConfigurationClassEnhancer$BeanMethodInterceptor.intercept(ConfigurationClassEnhancer.java:366) ~[spring-context-5.1.8.RELEASE.jar:5.1.8.RELEASE]
	at com.example.petclinic.config.CassandraConfig$$EnhancerBySpringCGLIB$$9aed37b4.cassandraConverter(<generated>) ~[classes/:na]
	at org.springframework.data.cassandra.config.AbstractCassandraConfiguration.session(AbstractCassandraConfiguration.java:94) ~[spring-data-cassandra-2.1.9.RELEASE.jar:2.1.9.RELEASE]
	at com.example.petclinic.config.CassandraConfig$$EnhancerBySpringCGLIB$$9aed37b4.CGLIB$session$8(<generated>) ~[classes/:na]
	at com.example.petclinic.config.CassandraConfig$$EnhancerBySpringCGLIB$$9aed37b4$$FastClassBySpringCGLIB$$e0945a0.invoke(<generated>) ~[classes/:na]
	at org.springframework.cglib.proxy.MethodProxy.invokeSuper(MethodProxy.java:244) ~[spring-core-5.1.8.RELEASE.jar:5.1.8.RELEASE]
	at org.springframework.context.annotation.ConfigurationClassEnhancer$BeanMethodInterceptor.intercept(ConfigurationClassEnhancer.java:363) ~[spring-context-5.1.8.RELEASE.jar:5.1.8.RELEASE]
	at com.example.petclinic.config.CassandraConfig$$EnhancerBySpringCGLIB$$9aed37b4.session(<generated>) ~[classes/:na]
	at java.base/jdk.internal.reflect.NativeMethodAccessorImpl.invoke0(Native Method) ~[na:na]
	at java.base/jdk.internal.reflect.NativeMethodAccessorImpl.invoke(NativeMethodAccessorImpl.java:62) ~[na:na]
	at java.base/jdk.internal.reflect.DelegatingMethodAccessorImpl.invoke(DelegatingMethodAccessorImpl.java:43) ~[na:na]
	at java.base/java.lang.reflect.Method.invoke(Method.java:566) ~[na:na]
	at org.springframework.beans.factory.support.SimpleInstantiationStrategy.instantiate(SimpleInstantiationStrategy.java:154) ~[spring-beans-5.1.8.RELEASE.jar:5.1.8.RELEASE]
	... 132 common frames omitted
Caused by: org.springframework.beans.BeanInstantiationException: Failed to instantiate [org.springframework.data.cassandra.core.convert.CassandraConverter]: Factory method 'cassandraConverter' threw exception; nested exception is org.springframework.beans.factory.BeanCreationException: Error creating bean with name 'cassandraMapping' defined in class path resource [com/example/petclinic/config/CassandraConfig.class]: Invocation of init method failed; nested exception is java.lang.IllegalArgumentException: given string [notes-test] is not a valid quoted or unquoted identifier
	at org.springframework.beans.factory.support.SimpleInstantiationStrategy.instantiate(SimpleInstantiationStrategy.java:185) ~[spring-beans-5.1.8.RELEASE.jar:5.1.8.RELEASE]
	at org.springframework.beans.factory.support.ConstructorResolver.instantiate(ConstructorResolver.java:622) ~[spring-beans-5.1.8.RELEASE.jar:5.1.8.RELEASE]
	... 155 common frames omitted
Caused by: org.springframework.beans.factory.BeanCreationException: Error creating bean with name 'cassandraMapping' defined in class path resource [com/example/petclinic/config/CassandraConfig.class]: Invocation of init method failed; nested exception is java.lang.IllegalArgumentException: given string [notes-test] is not a valid quoted or unquoted identifier
	at org.springframework.beans.factory.support.AbstractAutowireCapableBeanFactory.initializeBean(AbstractAutowireCapableBeanFactory.java:1778) ~[spring-beans-5.1.8.RELEASE.jar:5.1.8.RELEASE]
	at org.springframework.beans.factory.support.AbstractAutowireCapableBeanFactory.doCreateBean(AbstractAutowireCapableBeanFactory.java:593) ~[spring-beans-5.1.8.RELEASE.jar:5.1.8.RELEASE]
	at org.springframework.beans.factory.support.AbstractAutowireCapableBeanFactory.createBean(AbstractAutowireCapableBeanFactory.java:515) ~[spring-beans-5.1.8.RELEASE.jar:5.1.8.RELEASE]
	at org.springframework.beans.factory.support.AbstractBeanFactory.lambda$doGetBean$0(AbstractBeanFactory.java:320) ~[spring-beans-5.1.8.RELEASE.jar:5.1.8.RELEASE]
	at org.springframework.beans.factory.support.DefaultSingletonBeanRegistry.getSingleton(DefaultSingletonBeanRegistry.java:222) ~[spring-beans-5.1.8.RELEASE.jar:5.1.8.RELEASE]
	at org.springframework.beans.factory.support.AbstractBeanFactory.doGetBean(AbstractBeanFactory.java:318) ~[spring-beans-5.1.8.RELEASE.jar:5.1.8.RELEASE]
	at org.springframework.beans.factory.support.AbstractBeanFactory.getBean(AbstractBeanFactory.java:199) ~[spring-beans-5.1.8.RELEASE.jar:5.1.8.RELEASE]
	at org.springframework.context.annotation.ConfigurationClassEnhancer$BeanMethodInterceptor.resolveBeanReference(ConfigurationClassEnhancer.java:394) ~[spring-context-5.1.8.RELEASE.jar:5.1.8.RELEASE]
	at org.springframework.context.annotation.ConfigurationClassEnhancer$BeanMethodInterceptor.intercept(ConfigurationClassEnhancer.java:366) ~[spring-context-5.1.8.RELEASE.jar:5.1.8.RELEASE]
	at com.example.petclinic.config.CassandraConfig$$EnhancerBySpringCGLIB$$9aed37b4.cassandraMapping(<generated>) ~[classes/:na]
	at org.springframework.data.cassandra.config.AbstractCassandraConfiguration.cassandraConverter(AbstractCassandraConfiguration.java:127) ~[spring-data-cassandra-2.1.9.RELEASE.jar:2.1.9.RELEASE]
	at com.example.petclinic.config.CassandraConfig$$EnhancerBySpringCGLIB$$9aed37b4.CGLIB$cassandraConverter$11(<generated>) ~[classes/:na]
	at com.example.petclinic.config.CassandraConfig$$EnhancerBySpringCGLIB$$9aed37b4$$FastClassBySpringCGLIB$$e0945a0.invoke(<generated>) ~[classes/:na]
	at org.springframework.cglib.proxy.MethodProxy.invokeSuper(MethodProxy.java:244) ~[spring-core-5.1.8.RELEASE.jar:5.1.8.RELEASE]
	at org.springframework.context.annotation.ConfigurationClassEnhancer$BeanMethodInterceptor.intercept(ConfigurationClassEnhancer.java:363) ~[spring-context-5.1.8.RELEASE.jar:5.1.8.RELEASE]
	at com.example.petclinic.config.CassandraConfig$$EnhancerBySpringCGLIB$$9aed37b4.cassandraConverter(<generated>) ~[classes/:na]
	at java.base/jdk.internal.reflect.NativeMethodAccessorImpl.invoke0(Native Method) ~[na:na]
	at java.base/jdk.internal.reflect.NativeMethodAccessorImpl.invoke(NativeMethodAccessorImpl.java:62) ~[na:na]
	at java.base/jdk.internal.reflect.DelegatingMethodAccessorImpl.invoke(DelegatingMethodAccessorImpl.java:43) ~[na:na]
	at java.base/java.lang.reflect.Method.invoke(Method.java:566) ~[na:na]
	at org.springframework.beans.factory.support.SimpleInstantiationStrategy.instantiate(SimpleInstantiationStrategy.java:154) ~[spring-beans-5.1.8.RELEASE.jar:5.1.8.RELEASE]
	... 156 common frames omitted
Caused by: java.lang.IllegalArgumentException: given string [notes-test] is not a valid quoted or unquoted identifier
	at org.springframework.data.cassandra.core.cql.CqlIdentifier.<init>(CqlIdentifier.java:97) ~[spring-data-cassandra-2.1.9.RELEASE.jar:2.1.9.RELEASE]
	at org.springframework.data.cassandra.core.cql.CqlIdentifier.of(CqlIdentifier.java:138) ~[spring-data-cassandra-2.1.9.RELEASE.jar:2.1.9.RELEASE]
	at org.springframework.data.cassandra.core.mapping.BasicCassandraPersistentEntity.determineName(BasicCassandraPersistentEntity.java:126) ~[spring-data-cassandra-2.1.9.RELEASE.jar:2.1.9.RELEASE]
	at org.springframework.data.cassandra.core.mapping.BasicCassandraPersistentEntity.determineTableName(BasicCassandraPersistentEntity.java:110) ~[spring-data-cassandra-2.1.9.RELEASE.jar:2.1.9.RELEASE]
	at org.springframework.data.cassandra.core.mapping.BasicCassandraPersistentEntity.verify(BasicCassandraPersistentEntity.java:162) ~[spring-data-cassandra-2.1.9.RELEASE.jar:2.1.9.RELEASE]
	at org.springframework.data.mapping.context.AbstractMappingContext.addPersistentEntity(AbstractMappingContext.java:386) ~[spring-data-commons-2.1.9.RELEASE.jar:2.1.9.RELEASE]
	at org.springframework.data.cassandra.core.mapping.CassandraMappingContext.addPersistentEntity(CassandraMappingContext.java:287) ~[spring-data-cassandra-2.1.9.RELEASE.jar:2.1.9.RELEASE]
	at org.springframework.data.mapping.context.AbstractMappingContext.addPersistentEntity(AbstractMappingContext.java:332) ~[spring-data-commons-2.1.9.RELEASE.jar:2.1.9.RELEASE]
	at java.base/java.lang.Iterable.forEach(Iterable.java:75) ~[na:na]
	at org.springframework.data.mapping.context.AbstractMappingContext.initialize(AbstractMappingContext.java:461) ~[spring-data-commons-2.1.9.RELEASE.jar:2.1.9.RELEASE]
	at org.springframework.data.cassandra.core.mapping.CassandraMappingContext.initialize(CassandraMappingContext.java:117) ~[spring-data-cassandra-2.1.9.RELEASE.jar:2.1.9.RELEASE]
	at org.springframework.data.mapping.context.AbstractMappingContext.afterPropertiesSet(AbstractMappingContext.java:453) ~[spring-data-commons-2.1.9.RELEASE.jar:2.1.9.RELEASE]
	at org.springframework.beans.factory.support.AbstractAutowireCapableBeanFactory.invokeInitMethods(AbstractAutowireCapableBeanFactory.java:1837) ~[spring-beans-5.1.8.RELEASE.jar:5.1.8.RELEASE]
	at org.springframework.beans.factory.support.AbstractAutowireCapableBeanFactory.initializeBean(AbstractAutowireCapableBeanFactory.java:1774) ~[spring-beans-5.1.8.RELEASE.jar:5.1.8.RELEASE]
	... 176 common frames omitted

]]></system-out>
  </testcase>
</testsuite>